This is pdfTeX, Version 3.14159265-2.6-1.40.17 (TeX Live 2016/W32TeX) (preloaded format=pdflatex 2017.2.27)  28 APR 2018 19:34
entering extended mode
 \write18 enabled.
 %&-line parsing enabled.
**./exam2.tex
(./exam2.tex
LaTeX2e <2017/01/01> patch level 3
Babel <3.9r> and hyphenation patterns for 83 language(s) loaded.
(c:/texlive/2016/texmf-dist/tex/latex/base/article.cls
Document Class: article 2014/09/29 v1.4h Standard LaTeX document class
(c:/texlive/2016/texmf-dist/tex/latex/base/size10.clo
File: size10.clo 2014/09/29 v1.4h Standard LaTeX file (size option)
)
\c@part=\count79
\c@section=\count80
\c@subsection=\count81
\c@subsubsection=\count82
\c@paragraph=\count83
\c@subparagraph=\count84
\c@figure=\count85
\c@table=\count86
\abovecaptionskip=\skip41
\belowcaptionskip=\skip42
\bibindent=\dimen102
)
(c:/texlive/2016/texmf-dist/tex/latex/amsmath/amsmath.sty
Package: amsmath 2016/11/05 v2.16a AMS math features
\@mathmargin=\skip43

For additional information on amsmath, use the `?' option.
(c:/texlive/2016/texmf-dist/tex/latex/amsmath/amstext.sty
Package: amstext 2000/06/29 v2.01 AMS text

(c:/texlive/2016/texmf-dist/tex/latex/amsmath/amsgen.sty
File: amsgen.sty 1999/11/30 v2.0 generic functions
\@emptytoks=\toks14
\ex@=\dimen103
))
(c:/texlive/2016/texmf-dist/tex/latex/amsmath/amsbsy.sty
Package: amsbsy 1999/11/29 v1.2d Bold Symbols
\pmbraise@=\dimen104
)
(c:/texlive/2016/texmf-dist/tex/latex/amsmath/amsopn.sty
Package: amsopn 2016/03/08 v2.02 operator names
)
\inf@bad=\count87
LaTeX Info: Redefining \frac on input line 213.
\uproot@=\count88
\leftroot@=\count89
LaTeX Info: Redefining \overline on input line 375.
\classnum@=\count90
\DOTSCASE@=\count91
LaTeX Info: Redefining \ldots on input line 472.
LaTeX Info: Redefining \dots on input line 475.
LaTeX Info: Redefining \cdots on input line 596.
\Mathstrutbox@=\box26
\strutbox@=\box27
\big@size=\dimen105
LaTeX Font Info:    Redeclaring font encoding OML on input line 712.
LaTeX Font Info:    Redeclaring font encoding OMS on input line 713.
\macc@depth=\count92
\c@MaxMatrixCols=\count93
\dotsspace@=\muskip10
\c@parentequation=\count94
\dspbrk@lvl=\count95
\tag@help=\toks15
\row@=\count96
\column@=\count97
\maxfields@=\count98
\andhelp@=\toks16
\eqnshift@=\dimen106
\alignsep@=\dimen107
\tagshift@=\dimen108
\tagwidth@=\dimen109
\totwidth@=\dimen110
\lineht@=\dimen111
\@envbody=\toks17
\multlinegap=\skip44
\multlinetaggap=\skip45
\mathdisplay@stack=\toks18
LaTeX Info: Redefining \[ on input line 2817.
LaTeX Info: Redefining \] on input line 2818.
)
(c:/texlive/2016/texmf-dist/tex/latex/amsfonts/amssymb.sty
Package: amssymb 2013/01/14 v3.01 AMS font symbols

(c:/texlive/2016/texmf-dist/tex/latex/amsfonts/amsfonts.sty
Package: amsfonts 2013/01/14 v3.01 Basic AMSFonts support
\symAMSa=\mathgroup4
\symAMSb=\mathgroup5
LaTeX Font Info:    Overwriting math alphabet `\mathfrak' in version `bold'
(Font)                  U/euf/m/n --> U/euf/b/n on input line 106.
))
(c:/texlive/2016/texmf-dist/tex/latex/enumitem/enumitem.sty
Package: enumitem 2011/09/28 v3.5.2 Customized lists
\enitkv@toks@=\toks19
\labelindent=\skip46
\enit@outerparindent=\dimen112
\enit@toks=\toks20
\enit@inbox=\box28
\enitdp@description=\count99
)
(c:/texlive/2016/texmf-dist/tex/latex/blindtext/blindtext.sty
Package: blindtext 2012/01/06 V2.0 blindtext-Package

(c:/texlive/2016/texmf-dist/tex/latex/tools/xspace.sty
Package: xspace 2014/10/28 v1.13 Space after command names (DPC,MH)
)
\c@blindtext=\count100
\c@Blindtext=\count101
\c@blind@countparstart=\count102
\blind@countxx=\count103
\blindtext@numBlindtext=\count104
\blind@countyy=\count105
\c@blindlist=\count106
\c@blindlistlevel=\count107
\c@blindlist@level=\count108
\blind@listitem=\count109
\c@blind@listcount=\count110
\c@blind@levelcount=\count111
\blind@mathformula=\count112
\blind@Mathformula=\count113
\c@blind@randomcount=\count114
\c@blind@randommax=\count115
\c@blind@pangramcount=\count116
\c@blind@pangrammax=\count117
)
(c:/texlive/2016/texmf-dist/tex/latex/booktabs/booktabs.sty
Package: booktabs 2016/04/27 v1.618033 publication quality tables
\heavyrulewidth=\dimen113
\lightrulewidth=\dimen114
\cmidrulewidth=\dimen115
\belowrulesep=\dimen116
\belowbottomsep=\dimen117
\aboverulesep=\dimen118
\abovetopsep=\dimen119
\cmidrulesep=\dimen120
\cmidrulekern=\dimen121
\defaultaddspace=\dimen122
\@cmidla=\count118
\@cmidlb=\count119
\@aboverulesep=\dimen123
\@belowrulesep=\dimen124
\@thisruleclass=\count120
\@lastruleclass=\count121
\@thisrulewidth=\dimen125
)
(c:/texlive/2016/texmf-dist/tex/latex/graphics/graphicx.sty
Package: graphicx 2014/10/28 v1.0g Enhanced LaTeX Graphics (DPC,SPQR)

(c:/texlive/2016/texmf-dist/tex/latex/graphics/keyval.sty
Package: keyval 2014/10/28 v1.15 key=value parser (DPC)
\KV@toks@=\toks21
)
(c:/texlive/2016/texmf-dist/tex/latex/graphics/graphics.sty
Package: graphics 2016/10/09 v1.0u Standard LaTeX Graphics (DPC,SPQR)

(c:/texlive/2016/texmf-dist/tex/latex/graphics/trig.sty
Package: trig 2016/01/03 v1.10 sin cos tan (DPC)
)
(c:/texlive/2016/texmf-dist/tex/latex/graphics-cfg/graphics.cfg
File: graphics.cfg 2016/06/04 v1.11 sample graphics configuration
)
Package graphics Info: Driver file: pdftex.def on input line 99.

(c:/texlive/2016/texmf-dist/tex/latex/graphics-def/pdftex.def
File: pdftex.def 2017/01/12 v0.06k Graphics/color for pdfTeX

(c:/texlive/2016/texmf-dist/tex/generic/oberdiek/infwarerr.sty
Package: infwarerr 2016/05/16 v1.4 Providing info/warning/error messages (HO)
)
(c:/texlive/2016/texmf-dist/tex/generic/oberdiek/ltxcmds.sty
Package: ltxcmds 2016/05/16 v1.23 LaTeX kernel commands for general use (HO)
)
\Gread@gobject=\count122
))
\Gin@req@height=\dimen126
\Gin@req@width=\dimen127
)
(c:/texlive/2016/texmf-dist/tex/latex/xcolor/xcolor.sty
Package: xcolor 2016/05/11 v2.12 LaTeX color extensions (UK)

(c:/texlive/2016/texmf-dist/tex/latex/graphics-cfg/color.cfg
File: color.cfg 2016/01/02 v1.6 sample color configuration
)
Package xcolor Info: Driver file: pdftex.def on input line 225.
Package xcolor Info: Model `cmy' substituted by `cmy0' on input line 1348.
Package xcolor Info: Model `hsb' substituted by `rgb' on input line 1352.
Package xcolor Info: Model `RGB' extended on input line 1364.
Package xcolor Info: Model `HTML' substituted by `rgb' on input line 1366.
Package xcolor Info: Model `Hsb' substituted by `hsb' on input line 1367.
Package xcolor Info: Model `tHsb' substituted by `hsb' on input line 1368.
Package xcolor Info: Model `HSB' substituted by `hsb' on input line 1369.
Package xcolor Info: Model `Gray' substituted by `gray' on input line 1370.
Package xcolor Info: Model `wave' substituted by `hsb' on input line 1371.
)
(c:/texlive/2016/texmf-dist/tex/latex/geometry/geometry.sty
Package: geometry 2010/09/12 v5.6 Page Geometry

(c:/texlive/2016/texmf-dist/tex/generic/oberdiek/ifpdf.sty
Package: ifpdf 2016/05/14 v3.1 Provides the ifpdf switch
)
(c:/texlive/2016/texmf-dist/tex/generic/oberdiek/ifvtex.sty
Package: ifvtex 2016/05/16 v1.6 Detect VTeX and its facilities (HO)
Package ifvtex Info: VTeX not detected.
)
(c:/texlive/2016/texmf-dist/tex/generic/ifxetex/ifxetex.sty
Package: ifxetex 2010/09/12 v0.6 Provides ifxetex conditional
)
\Gm@cnth=\count123
\Gm@cntv=\count124
\c@Gm@tempcnt=\count125
\Gm@bindingoffset=\dimen128
\Gm@wd@mp=\dimen129
\Gm@odd@mp=\dimen130
\Gm@even@mp=\dimen131
\Gm@layoutwidth=\dimen132
\Gm@layoutheight=\dimen133
\Gm@layouthoffset=\dimen134
\Gm@layoutvoffset=\dimen135
\Gm@dimlist=\toks22
)
(c:/texlive/2016/texmf-dist/tex/latex/listings/listings.sty
\lst@mode=\count126
\lst@gtempboxa=\box29
\lst@token=\toks23
\lst@length=\count127
\lst@currlwidth=\dimen136
\lst@column=\count128
\lst@pos=\count129
\lst@lostspace=\dimen137
\lst@width=\dimen138
\lst@newlines=\count130
\lst@lineno=\count131
\lst@maxwidth=\dimen139

(c:/texlive/2016/texmf-dist/tex/latex/listings/lstmisc.sty
File: lstmisc.sty 2015/06/04 1.6 (Carsten Heinz)
\c@lstnumber=\count132
\lst@skipnumbers=\count133
\lst@framebox=\box30
)
(c:/texlive/2016/texmf-dist/tex/latex/listings/listings.cfg
File: listings.cfg 2015/06/04 1.6 listings configuration
))
Package: listings 2015/06/04 1.6 (Carsten Heinz)

(c:/texlive/2016/texmf-dist/tex/latex/psnfss/courier.sty
Package: courier 2005/04/12 PSNFSS-v9.2a (WaS) 
)
(c:/texlive/2016/texmf-dist/tex/latex/tools/multicol.sty
Package: multicol 2016/04/07 v1.8p multicolumn formatting (FMi)
\c@tracingmulticols=\count134
\mult@box=\box31
\multicol@leftmargin=\dimen140
\c@unbalance=\count135
\c@collectmore=\count136
\doublecol@number=\count137
\multicoltolerance=\count138
\multicolpretolerance=\count139
\full@width=\dimen141
\page@free=\dimen142
\premulticols=\dimen143
\postmulticols=\dimen144
\multicolsep=\skip47
\multicolbaselineskip=\skip48
\partial@page=\box32
\last@line=\box33
\maxbalancingoverflow=\dimen145
\mult@rightbox=\box34
\mult@grightbox=\box35
\mult@gfirstbox=\box36
\mult@firstbox=\box37
\@tempa=\box38
\@tempa=\box39
\@tempa=\box40
\@tempa=\box41
\@tempa=\box42
\@tempa=\box43
\@tempa=\box44
\@tempa=\box45
\@tempa=\box46
\@tempa=\box47
\@tempa=\box48
\@tempa=\box49
\@tempa=\box50
\@tempa=\box51
\@tempa=\box52
\@tempa=\box53
\@tempa=\box54
\c@columnbadness=\count140
\c@finalcolumnbadness=\count141
\last@try=\dimen146
\multicolovershoot=\dimen147
\multicolundershoot=\dimen148
\mult@nat@firstbox=\box55
\colbreak@box=\box56
\mc@col@check@num=\count142
)
(c:/texlive/2016/texmf-dist/tex/latex/multirow/multirow.sty
Package: multirow 2016/11/25 v2.2 Span multiple rows of a table
\multirow@colwidth=\skip49
\multirow@cntb=\count143
\multirow@dima=\skip50
\bigstrutjot=\dimen149
)
(c:/texlive/2016/texmf-dist/tex/latex/tools/bm.sty
Package: bm 2017/01/16 v1.2c Bold Symbol Support (DPC/FMi)
\symboldoperators=\mathgroup6
\symboldletters=\mathgroup7
\symboldsymbols=\mathgroup8
LaTeX Font Info:    Redeclaring math alphabet \mathbf on input line 141.
LaTeX Info: Redefining \bm on input line 207.
)
(c:/texlive/2016/texmf-dist/tex/latex/caption/subcaption.sty
Package: subcaption 2016/05/22 v1.1-161 Sub-captions (AR)

(c:/texlive/2016/texmf-dist/tex/latex/caption/caption.sty
Package: caption 2016/02/21 v3.3-144 Customizing captions (AR)

(c:/texlive/2016/texmf-dist/tex/latex/caption/caption3.sty
Package: caption3 2016/05/22 v1.7-166 caption3 kernel (AR)
Package caption3 Info: TeX engine: e-TeX on input line 67.
\captionmargin=\dimen150
\captionmargin@=\dimen151
\captionwidth=\dimen152
\caption@tempdima=\dimen153
\caption@indent=\dimen154
\caption@parindent=\dimen155
\caption@hangindent=\dimen156
)
\c@ContinuedFloat=\count144
Package caption Info: listings package is loaded.
)
\c@subfigure=\count145
\c@subtable=\count146
)
(c:/texlive/2016/texmf-dist/tex/latex/minted/minted.sty
Package: minted 2016/10/31 v2.4.1 Yet another Pygments shim for LaTeX

(c:/texlive/2016/texmf-dist/tex/latex/oberdiek/kvoptions.sty
Package: kvoptions 2016/05/16 v3.12 Key value format for package options (HO)

(c:/texlive/2016/texmf-dist/tex/generic/oberdiek/kvsetkeys.sty
Package: kvsetkeys 2016/05/16 v1.17 Key value parser (HO)

(c:/texlive/2016/texmf-dist/tex/generic/oberdiek/etexcmds.sty
Package: etexcmds 2016/05/16 v1.6 Avoid name clashes with e-TeX commands (HO)

(c:/texlive/2016/texmf-dist/tex/generic/oberdiek/ifluatex.sty
Package: ifluatex 2016/05/16 v1.4 Provides the ifluatex switch (HO)
Package ifluatex Info: LuaTeX not detected.
)
Package etexcmds Info: Could not find \expanded.
(etexcmds)             That can mean that you are not using pdfTeX 1.50 or
(etexcmds)             that some package has redefined \expanded.
(etexcmds)             In the latter case, load this package earlier.
)))
(c:/texlive/2016/texmf-dist/tex/latex/fvextra/fvextra.sty
Package: fvextra 2016/09/02 v1.2.1 fvextra - extensions and patches for fancyvr
b

(c:/texlive/2016/texmf-dist/tex/latex/base/ifthen.sty
Package: ifthen 2014/09/29 v1.1c Standard LaTeX ifthen package (DPC)
)
(c:/texlive/2016/texmf-dist/tex/latex/etoolbox/etoolbox.sty
Package: etoolbox 2017/01/02 v2.4 e-TeX tools for LaTeX (JAW)
\etb@tempcnta=\count147
)
(c:/texlive/2016/texmf-dist/tex/latex/fancyvrb/fancyvrb.sty
Package: fancyvrb 2008/02/07

Style option: `fancyvrb' v2.7a, with DG/SPQR fixes, and firstline=lastline fix 
<2008/02/07> (tvz)
\FV@CodeLineNo=\count148
\FV@InFile=\read1
\FV@TabBox=\box57
\c@FancyVerbLine=\count149
\FV@StepNumber=\count150
\FV@OutFile=\write3
) (c:/texlive/2016/texmf-dist/tex/latex/upquote/upquote.sty
Package: upquote 2012/04/19 v1.3 upright-quote and grave-accent glyphs in verba
tim

(c:/texlive/2016/texmf-dist/tex/latex/base/textcomp.sty
Package: textcomp 2017/02/22 v2.0g Standard LaTeX package
Package textcomp Info: Sub-encoding information:
(textcomp)               5 = only ISO-Adobe without \textcurrency
(textcomp)               4 = 5 + \texteuro
(textcomp)               3 = 4 + \textohm
(textcomp)               2 = 3 + \textestimated + \textcurrency
(textcomp)               1 = TS1 - \textcircled - \t
(textcomp)               0 = TS1 (full)
(textcomp)             Font families with sub-encoding setting implement
(textcomp)             only a restricted character set as indicated.
(textcomp)             Family '?' is the default used for unknown fonts.
(textcomp)             See the documentation for details.
Package textcomp Info: Setting ? sub-encoding to TS1/1 on input line 79.

(c:/texlive/2016/texmf-dist/tex/latex/base/ts1enc.def
File: ts1enc.def 2001/06/05 v3.0e (jk/car/fm) Standard LaTeX file
)
LaTeX Info: Redefining \oldstylenums on input line 334.
Package textcomp Info: Setting cmr sub-encoding to TS1/0 on input line 349.
Package textcomp Info: Setting cmss sub-encoding to TS1/0 on input line 350.
Package textcomp Info: Setting cmtt sub-encoding to TS1/0 on input line 351.
Package textcomp Info: Setting cmvtt sub-encoding to TS1/0 on input line 352.
Package textcomp Info: Setting cmbr sub-encoding to TS1/0 on input line 353.
Package textcomp Info: Setting cmtl sub-encoding to TS1/0 on input line 354.
Package textcomp Info: Setting ccr sub-encoding to TS1/0 on input line 355.
Package textcomp Info: Setting ptm sub-encoding to TS1/4 on input line 356.
Package textcomp Info: Setting pcr sub-encoding to TS1/4 on input line 357.
Package textcomp Info: Setting phv sub-encoding to TS1/4 on input line 358.
Package textcomp Info: Setting ppl sub-encoding to TS1/3 on input line 359.
Package textcomp Info: Setting pag sub-encoding to TS1/4 on input line 360.
Package textcomp Info: Setting pbk sub-encoding to TS1/4 on input line 361.
Package textcomp Info: Setting pnc sub-encoding to TS1/4 on input line 362.
Package textcomp Info: Setting pzc sub-encoding to TS1/4 on input line 363.
Package textcomp Info: Setting bch sub-encoding to TS1/4 on input line 364.
Package textcomp Info: Setting put sub-encoding to TS1/5 on input line 365.
Package textcomp Info: Setting uag sub-encoding to TS1/5 on input line 366.
Package textcomp Info: Setting ugq sub-encoding to TS1/5 on input line 367.
Package textcomp Info: Setting ul8 sub-encoding to TS1/4 on input line 368.
Package textcomp Info: Setting ul9 sub-encoding to TS1/4 on input line 369.
Package textcomp Info: Setting augie sub-encoding to TS1/5 on input line 370.
Package textcomp Info: Setting dayrom sub-encoding to TS1/3 on input line 371.
Package textcomp Info: Setting dayroms sub-encoding to TS1/3 on input line 372.

Package textcomp Info: Setting pxr sub-encoding to TS1/0 on input line 373.
Package textcomp Info: Setting pxss sub-encoding to TS1/0 on input line 374.
Package textcomp Info: Setting pxtt sub-encoding to TS1/0 on input line 375.
Package textcomp Info: Setting txr sub-encoding to TS1/0 on input line 376.
Package textcomp Info: Setting txss sub-encoding to TS1/0 on input line 377.
Package textcomp Info: Setting txtt sub-encoding to TS1/0 on input line 378.
Package textcomp Info: Setting lmr sub-encoding to TS1/0 on input line 379.
Package textcomp Info: Setting lmdh sub-encoding to TS1/0 on input line 380.
Package textcomp Info: Setting lmss sub-encoding to TS1/0 on input line 381.
Package textcomp Info: Setting lmssq sub-encoding to TS1/0 on input line 382.
Package textcomp Info: Setting lmvtt sub-encoding to TS1/0 on input line 383.
Package textcomp Info: Setting lmtt sub-encoding to TS1/0 on input line 384.
Package textcomp Info: Setting qhv sub-encoding to TS1/0 on input line 385.
Package textcomp Info: Setting qag sub-encoding to TS1/0 on input line 386.
Package textcomp Info: Setting qbk sub-encoding to TS1/0 on input line 387.
Package textcomp Info: Setting qcr sub-encoding to TS1/0 on input line 388.
Package textcomp Info: Setting qcs sub-encoding to TS1/0 on input line 389.
Package textcomp Info: Setting qpl sub-encoding to TS1/0 on input line 390.
Package textcomp Info: Setting qtm sub-encoding to TS1/0 on input line 391.
Package textcomp Info: Setting qzc sub-encoding to TS1/0 on input line 392.
Package textcomp Info: Setting qhvc sub-encoding to TS1/0 on input line 393.
Package textcomp Info: Setting futs sub-encoding to TS1/4 on input line 394.
Package textcomp Info: Setting futx sub-encoding to TS1/4 on input line 395.
Package textcomp Info: Setting futj sub-encoding to TS1/4 on input line 396.
Package textcomp Info: Setting hlh sub-encoding to TS1/3 on input line 397.
Package textcomp Info: Setting hls sub-encoding to TS1/3 on input line 398.
Package textcomp Info: Setting hlst sub-encoding to TS1/3 on input line 399.
Package textcomp Info: Setting hlct sub-encoding to TS1/5 on input line 400.
Package textcomp Info: Setting hlx sub-encoding to TS1/5 on input line 401.
Package textcomp Info: Setting hlce sub-encoding to TS1/5 on input line 402.
Package textcomp Info: Setting hlcn sub-encoding to TS1/5 on input line 403.
Package textcomp Info: Setting hlcw sub-encoding to TS1/5 on input line 404.
Package textcomp Info: Setting hlcf sub-encoding to TS1/5 on input line 405.
Package textcomp Info: Setting pplx sub-encoding to TS1/3 on input line 406.
Package textcomp Info: Setting pplj sub-encoding to TS1/3 on input line 407.
Package textcomp Info: Setting ptmx sub-encoding to TS1/4 on input line 408.
Package textcomp Info: Setting ptmj sub-encoding to TS1/4 on input line 409.
))
(c:/texlive/2016/texmf-dist/tex/latex/lineno/lineno.sty
Package: lineno 2005/11/02 line numbers on paragraphs v4.41
\linenopenalty=\count151
\output=\toks24
\linenoprevgraf=\count152
\linenumbersep=\dimen157
\linenumberwidth=\dimen158
\c@linenumber=\count153
\c@pagewiselinenumber=\count154
\c@LN@truepage=\count155
\c@internallinenumber=\count156
\c@internallinenumbers=\count157
\quotelinenumbersep=\dimen159
\bframerule=\dimen160
\bframesep=\dimen161
\bframebox=\box58
LaTeX Info: Redefining \\ on input line 3056.
)
\c@FV@TrueTabGroupLevel=\count158
\c@FV@TrueTabCounter=\count159
\FV@TabBox@Group=\box59
\FV@TmpLength=\skip51
\c@FV@HighlightLinesStart=\count160
\c@FV@HighlightLinesStop=\count161
\FV@BreakIndent=\dimen162
\FV@BreakSymbolSepLeft=\dimen163
\FV@BreakSymbolSepRight=\dimen164
\FV@BreakSymbolIndentLeft=\dimen165
LaTeX Font Info:    Try loading font information for OT1+pcr on input line 562.


(c:/texlive/2016/texmf-dist/tex/latex/psnfss/ot1pcr.fd
File: ot1pcr.fd 2001/06/04 font definitions for OT1/pcr.
)
\FV@BreakSymbolIndentRight=\dimen166
\c@FancyVerbLineBreakLast=\count162
\FV@LineBox=\box60
\FV@LineIndentBox=\box61
)
(c:/texlive/2016/texmf-dist/tex/latex/float/float.sty
Package: float 2001/11/08 v1.3d Float enhancements (AL)
\c@float@type=\count163
\float@exts=\toks25
\float@box=\box62
\@float@everytoks=\toks26
\@floatcapt=\box63
)
(c:/texlive/2016/texmf-dist/tex/latex/tools/calc.sty
Package: calc 2014/10/28 v4.3 Infix arithmetic (KKT,FJ)
\calc@Acount=\count164
\calc@Bcount=\count165
\calc@Adimen=\dimen167
\calc@Bdimen=\dimen168
\calc@Askip=\skip52
\calc@Bskip=\skip53
LaTeX Info: Redefining \setlength on input line 80.
LaTeX Info: Redefining \addtolength on input line 81.
\calc@Ccount=\count166
\calc@Cskip=\skip54
)
(c:/texlive/2016/texmf-dist/tex/latex/tools/shellesc.sty
Package: shellesc 2016/06/07 v0.02a unified shell escape interface for LaTeX
Package shellesc Info: Unrestricted shell escape enabled on input line 67.
)
(c:/texlive/2016/texmf-dist/tex/latex/ifplatform/ifplatform.sty
Package: ifplatform 2010/10/22 v0.4 Testing for the operating system

(c:/texlive/2016/texmf-dist/tex/generic/oberdiek/pdftexcmds.sty
Package: pdftexcmds 2016/05/21 v0.22 Utility functions of pdfTeX for LuaTeX (HO
)
Package pdftexcmds Info: LuaTeX not detected.
Package pdftexcmds Info: \pdf@primitive is available.
Package pdftexcmds Info: \pdf@ifprimitive is available.
Package pdftexcmds Info: \pdfdraftmode found.
)
(c:/texlive/2016/texmf-dist/tex/generic/oberdiek/catchfile.sty
Package: catchfile 2016/05/16 v1.7 Catch the contents of a file (HO)
))
(c:/texlive/2016/texmf-dist/tex/generic/xstring/xstring.sty
(c:/texlive/2016/texmf-dist/tex/generic/xstring/xstring.tex
\@xs@message=\write4
\integerpart=\count167
\decimalpart=\count168
)
Package: xstring 2013/10/13  v1.7c  String manipulations (C Tellechea)
)
(c:/texlive/2016/texmf-dist/tex/latex/framed/framed.sty
Package: framed 2011/10/22 v 0.96: framed or shaded text with page breaks
\OuterFrameSep=\skip55
\fb@frw=\dimen169
\fb@frh=\dimen170
\FrameRule=\dimen171
\FrameSep=\dimen172
)
\minted@appexistsfile=\read2
\minted@bgbox=\box64
\minted@code=\write5
\c@minted@FancyVerbLineTemp=\count169
\c@minted@pygmentizecounter=\count170
\@float@every@listing=\toks27
\c@listing=\count171
)
runsystem(if not exist _minted-exam2 mkdir _minted-exam2)...executed.

runsystem(for ^%i in (pygmentize.exe pygmentize.bat pygmentize.cmd) do set > ex
am2.aex <nul: /p x=^%~$PATH:i>> exam2.aex)...executed.

runsystem(del exam2.aex)...executed.

 (./exam2.aux)
\openout1 = `exam2.aux'.

LaTeX Font Info:    Checking defaults for OML/cmm/m/it on input line 45.
LaTeX Font Info:    ... okay on input line 45.
LaTeX Font Info:    Checking defaults for T1/cmr/m/n on input line 45.
LaTeX Font Info:    ... okay on input line 45.
LaTeX Font Info:    Checking defaults for OT1/cmr/m/n on input line 45.
LaTeX Font Info:    ... okay on input line 45.
LaTeX Font Info:    Checking defaults for OMS/cmsy/m/n on input line 45.
LaTeX Font Info:    ... okay on input line 45.
LaTeX Font Info:    Checking defaults for OMX/cmex/m/n on input line 45.
LaTeX Font Info:    ... okay on input line 45.
LaTeX Font Info:    Checking defaults for U/cmr/m/n on input line 45.
LaTeX Font Info:    ... okay on input line 45.
LaTeX Font Info:    Checking defaults for TS1/cmr/m/n on input line 45.
LaTeX Font Info:    Try loading font information for TS1+cmr on input line 45.

(c:/texlive/2016/texmf-dist/tex/latex/base/ts1cmr.fd
File: ts1cmr.fd 2014/09/29 v2.5h Standard LaTeX font definitions
)
LaTeX Font Info:    ... okay on input line 45.

(c:/texlive/2016/texmf-dist/tex/context/base/mkii/supp-pdf.mkii
[Loading MPS to PDF converter (version 2006.09.02).]
\scratchcounter=\count172
\scratchdimen=\dimen173
\scratchbox=\box65
\nofMPsegments=\count173
\nofMParguments=\count174
\everyMPshowfont=\toks28
\MPscratchCnt=\count175
\MPscratchDim=\dimen174
\MPnumerator=\count176
\makeMPintoPDFobject=\count177
\everyMPtoPDFconversion=\toks29
) (c:/texlive/2016/texmf-dist/tex/latex/oberdiek/epstopdf-base.sty
Package: epstopdf-base 2016/05/15 v2.6 Base part for package epstopdf

(c:/texlive/2016/texmf-dist/tex/latex/oberdiek/grfext.sty
Package: grfext 2016/05/16 v1.2 Manage graphics extensions (HO)

(c:/texlive/2016/texmf-dist/tex/generic/oberdiek/kvdefinekeys.sty
Package: kvdefinekeys 2016/05/16 v1.4 Define keys (HO)
))
Package epstopdf-base Info: Redefining graphics rule for `.eps' on input line 4
38.
Package grfext Info: Graphics extension search list:
(grfext)             [.png,.pdf,.jpg,.mps,.jpeg,.jbig2,.jb2,.PNG,.PDF,.JPG,.JPE
G,.JBIG2,.JB2,.eps]
(grfext)             \AppendGraphicsExtensions on input line 456.

(c:/texlive/2016/texmf-dist/tex/latex/latexconfig/epstopdf-sys.cfg
File: epstopdf-sys.cfg 2010/07/13 v1.3 Configuration of (r)epstopdf for TeX Liv
e
))
*geometry* driver: auto-detecting
*geometry* detected driver: pdftex
*geometry* verbose mode - [ preamble ] result:
* driver: pdftex
* paper: letterpaper
* layout: <same size as paper>
* layoutoffset:(h,v)=(0.0pt,0.0pt)
* modes: 
* h-part:(L,W,R)=(92.14519pt, 430.00462pt, 92.14519pt)
* v-part:(T,H,B)=(72.26999pt, 635.97623pt, 86.72377pt)
* \paperwidth=614.295pt
* \paperheight=794.96999pt
* \textwidth=430.00462pt
* \textheight=635.97623pt
* \oddsidemargin=19.8752pt
* \evensidemargin=19.8752pt
* \topmargin=-37.0pt
* \headheight=12.0pt
* \headsep=25.0pt
* \topskip=10.0pt
* \footskip=30.0pt
* \marginparwidth=65.0pt
* \marginparsep=11.0pt
* \columnsep=10.0pt
* \skip\footins=9.0pt plus 4.0pt minus 2.0pt
* \hoffset=0.0pt
* \voffset=0.0pt
* \mag=1000
* \@twocolumnfalse
* \@twosidefalse
* \@mparswitchfalse
* \@reversemarginfalse
* (1in=72.27pt=25.4mm, 1cm=28.453pt)

\c@lstlisting=\count178
Package caption Info: Begin \AtBeginDocument code.
Package caption Info: float package is loaded.
Package caption Info: End \AtBeginDocument code.
LaTeX Font Info:    Try loading font information for U+msa on input line 52.
(c:/texlive/2016/texmf-dist/tex/latex/amsfonts/umsa.fd
File: umsa.fd 2013/01/14 v3.01 AMS symbols A
)
LaTeX Font Info:    Try loading font information for U+msb on input line 52.

(c:/texlive/2016/texmf-dist/tex/latex/amsfonts/umsb.fd
File: umsb.fd 2013/01/14 v3.01 AMS symbols B
)
\openout3 = `exam2.pyg'.


(./_minted-exam2/default-pyg-prefix.pygstyle) (./_minted-exam2/tango.pygstyle)
Overfull \hbox (18.27367pt too wide) in paragraph at lines 56--70
[]\OT1/cmr/m/n/10 We check mul-ti-vari-ate nor-mal-ity for each of the 3 cul-ti
-vars us-ing []\OT1/pcr/m/n/10 testnormality \OT1/cmr/m/n/10 and []\OT1/pcr/m/n
/10 mvnorm.etest\OT1/cmr/m/n/10 .
 []


(./_minted-exam2/BCF1DD27C2948559FA208492E2D2467C7086976BA4C54503449E3E3EF02D7E
EF.pygtex
LaTeX Font Info:    Font shape `OT1/pcr/m/it' in size <8> not available
(Font)              Font shape `OT1/pcr/m/sl' tried instead on input line 2.
LaTeX Font Info:    Font shape `OT1/pcr/bx/n' in size <8> not available
(Font)              Font shape `OT1/pcr/b/n' tried instead on input line 3.
)
\openout3 = `exam2.pyg'.


(./_minted-exam2/FAAAB93F01CFA63E3B9399252546FDF57086976BA4C54503449E3E3EF02D7E
EF.pygtex)
\openout3 = `exam2.pyg'.


(./_minted-exam2/C9819B456CBE0015EBC1D1395B2F8A0A7086976BA4C54503449E3E3EF02D7E
EF.pygtex)
\openout3 = `exam2.pyg'.

 [1

{c:/texlive/2016/texmf-var/fonts/map/pdftex/updmap/pdftex.map}]
(./_minted-exam2/91DFD95D83267304D6CD0E7BB618C03C7086976BA4C54503449E3E3EF02D7E
EF.pygtex)
Package epstopdf Info: Source file: <tree.eps>
(epstopdf)                    date: 2018-04-28 18:04:34
(epstopdf)                    size: 21378 bytes
(epstopdf)             Output file: <tree-eps-converted-to.pdf>
(epstopdf)                    date: 2018-04-28 18:09:34
(epstopdf)                    size: 15037 bytes
(epstopdf)             Command: <epstopdf --outfile=tree-eps-converted-to.pdf t
ree.eps>
(epstopdf)             \includegraphics on input line 108.
Package epstopdf Info: Output file is already uptodate.
 <tree-eps-converted-to.pdf, id=16, 752.8125pt x 451.6875pt>
File: tree-eps-converted-to.pdf Graphic file (type pdf)

<use tree-eps-converted-to.pdf>
Package pdftex.def Info: tree-eps-converted-to.pdf used on input line 108.
(pdftex.def)             Requested size: 301.00192pt x 180.60287pt.
Package epstopdf Info: Source file: <hc.eps>
(epstopdf)                    date: 2018-04-28 18:05:17
(epstopdf)                    size: 260864 bytes
(epstopdf)             Output file: <hc-eps-converted-to.pdf>
(epstopdf)                    date: 2018-04-28 18:09:35
(epstopdf)                    size: 85137 bytes
(epstopdf)             Command: <epstopdf --outfile=hc-eps-converted-to.pdf hc.
eps>
(epstopdf)             \includegraphics on input line 115.
Package epstopdf Info: Output file is already uptodate.

<hc-eps-converted-to.pdf, id=17, 602.25pt x 376.40625pt>
File: hc-eps-converted-to.pdf Graphic file (type pdf)

<use hc-eps-converted-to.pdf>
Package pdftex.def Info: hc-eps-converted-to.pdf used on input line 115.
(pdftex.def)             Requested size: 301.00192pt x 188.13373pt.
\openout3 = `exam2.pyg'.


(./_minted-exam2/E5F2F51A101EAD9872160714BBD5BCE17086976BA4C54503449E3E3EF02D7E
EF.pygtex) [2 <./tree-eps-converted-to.pdf> <./hc-eps-converted-to.pdf>]
Package epstopdf Info: Source file: <km.eps>
(epstopdf)                    date: 2018-04-28 18:05:41
(epstopdf)                    size: 261214 bytes
(epstopdf)             Output file: <km-eps-converted-to.pdf>
(epstopdf)                    date: 2018-04-28 18:19:23
(epstopdf)                    size: 85382 bytes
(epstopdf)             Command: <epstopdf --outfile=km-eps-converted-to.pdf km.
eps>
(epstopdf)             \includegraphics on input line 149.
Package epstopdf Info: Output file is already uptodate.

<km-eps-converted-to.pdf, id=37, 602.25pt x 376.40625pt>
File: km-eps-converted-to.pdf Graphic file (type pdf)

<use km-eps-converted-to.pdf>
Package pdftex.def Info: km-eps-converted-to.pdf used on input line 149.
(pdftex.def)             Requested size: 301.00192pt x 188.13373pt.
Package epstopdf Info: Source file: <kmr.eps>
(epstopdf)                    date: 2018-04-28 18:06:01
(epstopdf)                    size: 261215 bytes
(epstopdf)             Output file: <kmr-eps-converted-to.pdf>
(epstopdf)                    date: 2018-04-28 18:19:24
(epstopdf)                    size: 85471 bytes
(epstopdf)             Command: <epstopdf --outfile=kmr-eps-converted-to.pdf km
r.eps>
(epstopdf)             \includegraphics on input line 156.
Package epstopdf Info: Output file is already uptodate.

<kmr-eps-converted-to.pdf, id=38, 602.25pt x 376.40625pt>
File: kmr-eps-converted-to.pdf Graphic file (type pdf)

<use kmr-eps-converted-to.pdf>
Package pdftex.def Info: kmr-eps-converted-to.pdf used on input line 156.
(pdftex.def)             Requested size: 301.00192pt x 188.13373pt.
 [3 <./km-eps-converted-to.pdf> <./kmr-eps-converted-to.pdf>]
\openout3 = `exam2.pyg'.


(./_minted-exam2/9670FCD31D5820C143790D96459BD5577086976BA4C54503449E3E3EF02D7E
EF.pygtex)
Package epstopdf Info: Source file: <bic.eps>
(epstopdf)                    date: 2018-04-28 18:06:23
(epstopdf)                    size: 21865 bytes
(epstopdf)             Output file: <bic-eps-converted-to.pdf>
(epstopdf)                    date: 2018-04-28 18:24:18
(epstopdf)                    size: 15713 bytes
(epstopdf)             Command: <epstopdf --outfile=bic-eps-converted-to.pdf bi
c.eps>
(epstopdf)             \includegraphics on input line 179.
Package epstopdf Info: Output file is already uptodate.
 <bic-eps-converted-to.pdf, id=58, 602.25pt x 376.40625pt>
File: bic-eps-converted-to.pdf Graphic file (type pdf)

<use bic-eps-converted-to.pdf>
Package pdftex.def Info: bic-eps-converted-to.pdf used on input line 179.
(pdftex.def)             Requested size: 301.00192pt x 188.13373pt.
Package epstopdf Info: Source file: <mcl_classification.eps>
(epstopdf)                    date: 2018-04-28 14:07:25
(epstopdf)                    size: 1654830 bytes
(epstopdf)             Output file: <mcl_classification-eps-converted-to.pdf>
(epstopdf)                    date: 2018-04-28 18:26:54
(epstopdf)                    size: 846022 bytes
(epstopdf)             Command: <epstopdf --outfile=mcl_classification-eps-conv
erted-to.pdf mcl_classification.eps>
(epstopdf)             \includegraphics on input line 187.
Package epstopdf Info: Output file is already uptodate.

<mcl_classification-eps-converted-to.pdf, id=59, 752.8125pt x 451.6875pt>
File: mcl_classification-eps-converted-to.pdf Graphic file (type pdf)

<use mcl_classification-eps-converted-to.pdf>
Package pdftex.def Info: mcl_classification-eps-converted-to.pdf used on input 
line 187.
(pdftex.def)             Requested size: 301.00192pt x 180.60287pt.
Package epstopdf Info: Source file: <mcl.eps>
(epstopdf)                    date: 2018-04-28 18:06:46
(epstopdf)                    size: 260899 bytes
(epstopdf)             Output file: <mcl-eps-converted-to.pdf>
(epstopdf)                    date: 2018-04-28 18:26:55
(epstopdf)                    size: 85253 bytes
(epstopdf)             Command: <epstopdf --outfile=mcl-eps-converted-to.pdf mc
l.eps>
(epstopdf)             \includegraphics on input line 194.
Package epstopdf Info: Output file is already uptodate.

<mcl-eps-converted-to.pdf, id=60, 602.25pt x 376.40625pt>
File: mcl-eps-converted-to.pdf Graphic file (type pdf)

<use mcl-eps-converted-to.pdf>
Package pdftex.def Info: mcl-eps-converted-to.pdf used on input line 194.
(pdftex.def)             Requested size: 301.00192pt x 188.13373pt.
\openout3 = `exam2.pyg'.

 [4 <./bic-eps-converted-to.pdf> <./mcl_classification-eps-converted-to.pdf>]
(./_minted-exam2/86613A5A4903590A50BE40F83C6F1BC37086976BA4C54503449E3E3EF02D7E
EF.pygtex) [5 <./mcl-eps-converted-to.pdf>]
\openout3 = `exam2.pyg'.


(./_minted-exam2/48C7E2F79427685D41F693B15F8CC94A7086976BA4C54503449E3E3EF02D7E
EF.pygtex)
\openout3 = `exam2.pyg'.


(./_minted-exam2/E34AAE7B3D51BA9BBCE669E491F05B787086976BA4C54503449E3E3EF02D7E
EF.pygtex)
\openout3 = `exam2.pyg'.


(./_minted-exam2/7339566E976C953E4ECB0D876FC659EF7086976BA4C54503449E3E3EF02D7E
EF.pygtex)
\openout3 = `exam2.pyg'.


(./_minted-exam2/EB70039413F8D14B497BDE2A3EFA1B077086976BA4C54503449E3E3EF02D7E
EF.pygtex) [6]
\openout3 = `exam2.pyg'.


(./_minted-exam2/2134F9E6FA78B7E55780FCF130E8E7C87086976BA4C54503449E3E3EF02D7E
EF.pygtex)
\openout3 = `exam2.pyg'.


(./_minted-exam2/B38311960CB5FD102216035F33AEEEFF7086976BA4C54503449E3E3EF02D7E
EF.pygtex)
\openout3 = `exam2.pyg'.


(./_minted-exam2/90CA8A6C074D6527F4324B0673C159267086976BA4C54503449E3E3EF02D7E
EF.pygtex) [7]
Package epstopdf Info: Source file: <knncv.eps>
(epstopdf)                    date: 2018-04-28 18:11:02
(epstopdf)                    size: 7213 bytes
(epstopdf)             Output file: <knncv-eps-converted-to.pdf>
(epstopdf)                    date: 2018-04-28 19:03:31
(epstopdf)                    size: 9157 bytes
(epstopdf)             Command: <epstopdf --outfile=knncv-eps-converted-to.pdf 
knncv.eps>
(epstopdf)             \includegraphics on input line 391.
Package epstopdf Info: Output file is already uptodate.
 <knncv-eps-converted-to.pdf, id=99, 602.25pt x 376.40625pt>
File: knncv-eps-converted-to.pdf Graphic file (type pdf)

<use knncv-eps-converted-to.pdf>
Package pdftex.def Info: knncv-eps-converted-to.pdf used on input line 391.
(pdftex.def)             Requested size: 301.00192pt x 188.13373pt.
\openout3 = `exam2.pyg'.

 [8 <./knncv-eps-converted-to.pdf>]
(./_minted-exam2/5F477CE30E01C39B263BD904CBD3D9F97086976BA4C54503449E3E3EF02D7E
EF.pygtex)
Package epstopdf Info: Source file: <findtree.eps>
(epstopdf)                    date: 2018-04-28 19:17:05
(epstopdf)                    size: 7266 bytes
(epstopdf)             Output file: <findtree-eps-converted-to.pdf>
(epstopdf)                    date: 2018-04-28 19:18:05
(epstopdf)                    size: 9552 bytes
(epstopdf)             Command: <epstopdf --outfile=findtree-eps-converted-to.p
df findtree.eps>
(epstopdf)             \includegraphics on input line 431.
Package epstopdf Info: Output file is already uptodate.
 <findtree-eps-converted-to.pdf, id=110, 602.25pt x 376.40625pt>
File: findtree-eps-converted-to.pdf Graphic file (type pdf)

<use findtree-eps-converted-to.pdf>
Package pdftex.def Info: findtree-eps-converted-to.pdf used on input line 431.
(pdftex.def)             Requested size: 301.00192pt x 188.13373pt.
Package epstopdf Info: Source file: <opttree.eps>
(epstopdf)                    date: 2018-04-28 18:12:08
(epstopdf)                    size: 6862 bytes
(epstopdf)             Output file: <opttree-eps-converted-to.pdf>
(epstopdf)                    date: 2018-04-28 19:15:03
(epstopdf)                    size: 10057 bytes
(epstopdf)             Command: <epstopdf --outfile=opttree-eps-converted-to.pd
f opttree.eps>
(epstopdf)             \includegraphics on input line 438.
Package epstopdf Info: Output file is already uptodate.

<opttree-eps-converted-to.pdf, id=111, 602.25pt x 376.40625pt>
File: opttree-eps-converted-to.pdf Graphic file (type pdf)

<use opttree-eps-converted-to.pdf>
Package pdftex.def Info: opttree-eps-converted-to.pdf used on input line 438.
(pdftex.def)             Requested size: 301.00192pt x 188.13373pt.
 [9 <./findtree-eps-converted-to.pdf>]
\openout3 = `exam2.pyg'.


(./_minted-exam2/172E8BC90081F49EF7F86B3C495EE24B7086976BA4C54503449E3E3EF02D7E
EF.pygtex)
Package epstopdf Info: Source file: <radviz2d.eps>
(epstopdf)                    date: 2018-04-28 18:12:47
(epstopdf)                    size: 13775 bytes
(epstopdf)             Output file: <radviz2d-eps-converted-to.pdf>
(epstopdf)                    date: 2018-04-28 19:25:42
(epstopdf)                    size: 24351 bytes
(epstopdf)             Command: <epstopdf --outfile=radviz2d-eps-converted-to.p
df radviz2d.eps>
(epstopdf)             \includegraphics on input line 485.
Package epstopdf Info: Output file is already uptodate.
 <radviz2d-eps-converted-to.pdf, id=123, 602.25pt x 376.40625pt>
File: radviz2d-eps-converted-to.pdf Graphic file (type pdf)

<use radviz2d-eps-converted-to.pdf>
Package pdftex.def Info: radviz2d-eps-converted-to.pdf used on input line 485.
(pdftex.def)             Requested size: 430.00462pt x 268.76083pt.

<radviz3d.png, id=124, 709.14937pt x 557.45766pt>
File: radviz3d.png Graphic file (type png)
 <use radviz3d.png>
Package pdftex.def Info: radviz3d.png used on input line 492.
(pdftex.def)             Requested size: 301.00192pt x 236.6229pt.
 [10 <./opttree-eps-converted-to.pdf>] [11 <./radviz2d-eps-converted-to.pdf> <.
/radviz3d.png>] (./exam2.aux)
runsystem(del exam2.pyg)...executed.

 ) 
Here is how much of TeX's memory you used:
 9948 strings out of 493013
 163751 string characters out of 6136993
 289951 words of memory out of 5000000
 13234 multiletter control sequences out of 15000+600000
 18187 words of font info for 68 fonts, out of 8000000 for 9000
 1141 hyphenation exceptions out of 8191
 42i,11n,41p,842b,816s stack positions out of 5000i,500n,10000p,200000b,80000s
{c:/texlive/2016/texmf-dist/fonts/enc/dvips/base/8r.enc}<c:/texlive/2016/texm
f-dist/fonts/type1/public/amsfonts/cm/cmbx10.pfb><c:/texlive/2016/texmf-dist/fo
nts/type1/public/amsfonts/cm/cmmi10.pfb><c:/texlive/2016/texmf-dist/fonts/type1
/public/amsfonts/cm/cmmi5.pfb><c:/texlive/2016/texmf-dist/fonts/type1/public/am
sfonts/cm/cmr10.pfb><c:/texlive/2016/texmf-dist/fonts/type1/public/amsfonts/cm/
cmr12.pfb><c:/texlive/2016/texmf-dist/fonts/type1/public/amsfonts/cm/cmr17.pfb>
<c:/texlive/2016/texmf-dist/fonts/type1/public/amsfonts/cm/cmr5.pfb><c:/texlive
/2016/texmf-dist/fonts/type1/public/amsfonts/cm/cmsy10.pfb><c:/texlive/2016/tex
mf-dist/fonts/type1/public/amsfonts/cm/cmsy5.pfb><c:/texlive/2016/texmf-dist/fo
nts/type1/urw/courier/ucrb8a.pfb><c:/texlive/2016/texmf-dist/fonts/type1/urw/co
urier/ucrr8a.pfb><c:/texlive/2016/texmf-dist/fonts/type1/urw/courier/ucrro8a.pf
b>
Output written on exam2.pdf (11 pages, 1450222 bytes).
PDF statistics:
 192 PDF objects out of 1000 (max. 8388607)
 129 compressed objects within 2 object streams
 0 named destinations out of 1000 (max. 500000)
 61 words of extra memory for PDF output out of 10000 (max. 10000000)

