This is pdfTeX, Version 3.14159265-2.6-1.40.18 (TeX Live 2017) (preloaded format=pdflatex 2017.5.23)  7 FEB 2018 15:45
entering extended mode
 \write18 enabled.
 %&-line parsing enabled.
**STAT501hw1YifanZhu.tex
(./STAT501hw1YifanZhu.tex
LaTeX2e <2017-04-15>
Babel <3.10> and hyphenation patterns for 84 language(s) loaded.
(/usr/local/texlive/2017/texmf-dist/tex/latex/base/article.cls
Document Class: article 2014/09/29 v1.4h Standard LaTeX document class
(/usr/local/texlive/2017/texmf-dist/tex/latex/base/size10.clo
File: size10.clo 2014/09/29 v1.4h Standard LaTeX file (size option)
)
\c@part=\count79
\c@section=\count80
\c@subsection=\count81
\c@subsubsection=\count82
\c@paragraph=\count83
\c@subparagraph=\count84
\c@figure=\count85
\c@table=\count86
\abovecaptionskip=\skip41
\belowcaptionskip=\skip42
\bibindent=\dimen102
)
(/usr/local/texlive/2017/texmf-dist/tex/latex/amsmath/amsmath.sty
Package: amsmath 2016/11/05 v2.16a AMS math features
\@mathmargin=\skip43

For additional information on amsmath, use the `?' option.
(/usr/local/texlive/2017/texmf-dist/tex/latex/amsmath/amstext.sty
Package: amstext 2000/06/29 v2.01 AMS text

(/usr/local/texlive/2017/texmf-dist/tex/latex/amsmath/amsgen.sty
File: amsgen.sty 1999/11/30 v2.0 generic functions
\@emptytoks=\toks14
\ex@=\dimen103
))
(/usr/local/texlive/2017/texmf-dist/tex/latex/amsmath/amsbsy.sty
Package: amsbsy 1999/11/29 v1.2d Bold Symbols
\pmbraise@=\dimen104
)
(/usr/local/texlive/2017/texmf-dist/tex/latex/amsmath/amsopn.sty
Package: amsopn 2016/03/08 v2.02 operator names
)
\inf@bad=\count87
LaTeX Info: Redefining \frac on input line 213.
\uproot@=\count88
\leftroot@=\count89
LaTeX Info: Redefining \overline on input line 375.
\classnum@=\count90
\DOTSCASE@=\count91
LaTeX Info: Redefining \ldots on input line 472.
LaTeX Info: Redefining \dots on input line 475.
LaTeX Info: Redefining \cdots on input line 596.
\Mathstrutbox@=\box26
\strutbox@=\box27
\big@size=\dimen105
LaTeX Font Info:    Redeclaring font encoding OML on input line 712.
LaTeX Font Info:    Redeclaring font encoding OMS on input line 713.
\macc@depth=\count92
\c@MaxMatrixCols=\count93
\dotsspace@=\muskip10
\c@parentequation=\count94
\dspbrk@lvl=\count95
\tag@help=\toks15
\row@=\count96
\column@=\count97
\maxfields@=\count98
\andhelp@=\toks16
\eqnshift@=\dimen106
\alignsep@=\dimen107
\tagshift@=\dimen108
\tagwidth@=\dimen109
\totwidth@=\dimen110
\lineht@=\dimen111
\@envbody=\toks17
\multlinegap=\skip44
\multlinetaggap=\skip45
\mathdisplay@stack=\toks18
LaTeX Info: Redefining \[ on input line 2817.
LaTeX Info: Redefining \] on input line 2818.
)
(/usr/local/texlive/2017/texmf-dist/tex/latex/amsfonts/amssymb.sty
Package: amssymb 2013/01/14 v3.01 AMS font symbols

(/usr/local/texlive/2017/texmf-dist/tex/latex/amsfonts/amsfonts.sty
Package: amsfonts 2013/01/14 v3.01 Basic AMSFonts support
\symAMSa=\mathgroup4
\symAMSb=\mathgroup5
LaTeX Font Info:    Overwriting math alphabet `\mathfrak' in version `bold'
(Font)                  U/euf/m/n --> U/euf/b/n on input line 106.
))
(/usr/local/texlive/2017/texmf-dist/tex/latex/enumitem/enumitem.sty
Package: enumitem 2011/09/28 v3.5.2 Customized lists
\enitkv@toks@=\toks19
\labelindent=\skip46
\enit@outerparindent=\dimen112
\enit@toks=\toks20
\enit@inbox=\box28
\enitdp@description=\count99
)
(/usr/local/texlive/2017/texmf-dist/tex/latex/blindtext/blindtext.sty
Package: blindtext 2012/01/06 V2.0 blindtext-Package

(/usr/local/texlive/2017/texmf-dist/tex/latex/tools/xspace.sty
Package: xspace 2014/10/28 v1.13 Space after command names (DPC,MH)
)
\c@blindtext=\count100
\c@Blindtext=\count101
\c@blind@countparstart=\count102
\blind@countxx=\count103
\blindtext@numBlindtext=\count104
\blind@countyy=\count105
\c@blindlist=\count106
\c@blindlistlevel=\count107
\c@blindlist@level=\count108
\blind@listitem=\count109
\c@blind@listcount=\count110
\c@blind@levelcount=\count111
\blind@mathformula=\count112
\blind@Mathformula=\count113
\c@blind@randomcount=\count114
\c@blind@randommax=\count115
\c@blind@pangramcount=\count116
\c@blind@pangrammax=\count117
)
(/usr/local/texlive/2017/texmf-dist/tex/latex/booktabs/booktabs.sty
Package: booktabs 2016/04/27 v1.618033 publication quality tables
\heavyrulewidth=\dimen113
\lightrulewidth=\dimen114
\cmidrulewidth=\dimen115
\belowrulesep=\dimen116
\belowbottomsep=\dimen117
\aboverulesep=\dimen118
\abovetopsep=\dimen119
\cmidrulesep=\dimen120
\cmidrulekern=\dimen121
\defaultaddspace=\dimen122
\@cmidla=\count118
\@cmidlb=\count119
\@aboverulesep=\dimen123
\@belowrulesep=\dimen124
\@thisruleclass=\count120
\@lastruleclass=\count121
\@thisrulewidth=\dimen125
)
(/usr/local/texlive/2017/texmf-dist/tex/latex/graphics/graphicx.sty
Package: graphicx 2014/10/28 v1.0g Enhanced LaTeX Graphics (DPC,SPQR)

(/usr/local/texlive/2017/texmf-dist/tex/latex/graphics/keyval.sty
Package: keyval 2014/10/28 v1.15 key=value parser (DPC)
\KV@toks@=\toks21
)
(/usr/local/texlive/2017/texmf-dist/tex/latex/graphics/graphics.sty
Package: graphics 2017/04/14 v1.1b Standard LaTeX Graphics (DPC,SPQR)

(/usr/local/texlive/2017/texmf-dist/tex/latex/graphics/trig.sty
Package: trig 2016/01/03 v1.10 sin cos tan (DPC)
)
(/usr/local/texlive/2017/texmf-dist/tex/latex/graphics-cfg/graphics.cfg
File: graphics.cfg 2016/06/04 v1.11 sample graphics configuration
)
Package graphics Info: Driver file: pdftex.def on input line 99.

(/usr/local/texlive/2017/texmf-dist/tex/latex/graphics-def/pdftex.def
File: pdftex.def 2017/01/12 v0.06k Graphics/color for pdfTeX

(/usr/local/texlive/2017/texmf-dist/tex/generic/oberdiek/infwarerr.sty
Package: infwarerr 2016/05/16 v1.4 Providing info/warning/error messages (HO)
)
(/usr/local/texlive/2017/texmf-dist/tex/generic/oberdiek/ltxcmds.sty
Package: ltxcmds 2016/05/16 v1.23 LaTeX kernel commands for general use (HO)
)
\Gread@gobject=\count122
))
\Gin@req@height=\dimen126
\Gin@req@width=\dimen127
)
(/usr/local/texlive/2017/texmf-dist/tex/latex/xcolor/xcolor.sty
Package: xcolor 2016/05/11 v2.12 LaTeX color extensions (UK)

(/usr/local/texlive/2017/texmf-dist/tex/latex/graphics-cfg/color.cfg
File: color.cfg 2016/01/02 v1.6 sample color configuration
)
Package xcolor Info: Driver file: pdftex.def on input line 225.
Package xcolor Info: Model `cmy' substituted by `cmy0' on input line 1348.
Package xcolor Info: Model `hsb' substituted by `rgb' on input line 1352.
Package xcolor Info: Model `RGB' extended on input line 1364.
Package xcolor Info: Model `HTML' substituted by `rgb' on input line 1366.
Package xcolor Info: Model `Hsb' substituted by `hsb' on input line 1367.
Package xcolor Info: Model `tHsb' substituted by `hsb' on input line 1368.
Package xcolor Info: Model `HSB' substituted by `hsb' on input line 1369.
Package xcolor Info: Model `Gray' substituted by `gray' on input line 1370.
Package xcolor Info: Model `wave' substituted by `hsb' on input line 1371.
)
(/usr/local/texlive/2017/texmf-dist/tex/latex/geometry/geometry.sty
Package: geometry 2010/09/12 v5.6 Page Geometry

(/usr/local/texlive/2017/texmf-dist/tex/generic/oberdiek/ifpdf.sty
Package: ifpdf 2017/03/15 v3.2 Provides the ifpdf switch
)
(/usr/local/texlive/2017/texmf-dist/tex/generic/oberdiek/ifvtex.sty
Package: ifvtex 2016/05/16 v1.6 Detect VTeX and its facilities (HO)
Package ifvtex Info: VTeX not detected.
)
(/usr/local/texlive/2017/texmf-dist/tex/generic/ifxetex/ifxetex.sty
Package: ifxetex 2010/09/12 v0.6 Provides ifxetex conditional
)
\Gm@cnth=\count123
\Gm@cntv=\count124
\c@Gm@tempcnt=\count125
\Gm@bindingoffset=\dimen128
\Gm@wd@mp=\dimen129
\Gm@odd@mp=\dimen130
\Gm@even@mp=\dimen131
\Gm@layoutwidth=\dimen132
\Gm@layoutheight=\dimen133
\Gm@layouthoffset=\dimen134
\Gm@layoutvoffset=\dimen135
\Gm@dimlist=\toks22
)
(/usr/local/texlive/2017/texmf-dist/tex/latex/listings/listings.sty
\lst@mode=\count126
\lst@gtempboxa=\box29
\lst@token=\toks23
\lst@length=\count127
\lst@currlwidth=\dimen136
\lst@column=\count128
\lst@pos=\count129
\lst@lostspace=\dimen137
\lst@width=\dimen138
\lst@newlines=\count130
\lst@lineno=\count131
\lst@maxwidth=\dimen139

(/usr/local/texlive/2017/texmf-dist/tex/latex/listings/lstmisc.sty
File: lstmisc.sty 2015/06/04 1.6 (Carsten Heinz)
\c@lstnumber=\count132
\lst@skipnumbers=\count133
\lst@framebox=\box30
)
(/usr/local/texlive/2017/texmf-dist/tex/latex/listings/listings.cfg
File: listings.cfg 2015/06/04 1.6 listings configuration
))
Package: listings 2015/06/04 1.6 (Carsten Heinz)

(/usr/local/texlive/2017/texmf-dist/tex/latex/psnfss/courier.sty
Package: courier 2005/04/12 PSNFSS-v9.2a (WaS) 
)
(/usr/local/texlive/2017/texmf-dist/tex/latex/tools/multicol.sty
Package: multicol 2017/04/11 v1.8q multicolumn formatting (FMi)
\c@tracingmulticols=\count134
\mult@box=\box31
\multicol@leftmargin=\dimen140
\c@unbalance=\count135
\c@collectmore=\count136
\doublecol@number=\count137
\multicoltolerance=\count138
\multicolpretolerance=\count139
\full@width=\dimen141
\page@free=\dimen142
\premulticols=\dimen143
\postmulticols=\dimen144
\multicolsep=\skip47
\multicolbaselineskip=\skip48
\partial@page=\box32
\last@line=\box33
\maxbalancingoverflow=\dimen145
\mult@rightbox=\box34
\mult@grightbox=\box35
\mult@gfirstbox=\box36
\mult@firstbox=\box37
\@tempa=\box38
\@tempa=\box39
\@tempa=\box40
\@tempa=\box41
\@tempa=\box42
\@tempa=\box43
\@tempa=\box44
\@tempa=\box45
\@tempa=\box46
\@tempa=\box47
\@tempa=\box48
\@tempa=\box49
\@tempa=\box50
\@tempa=\box51
\@tempa=\box52
\@tempa=\box53
\@tempa=\box54
\c@columnbadness=\count140
\c@finalcolumnbadness=\count141
\last@try=\dimen146
\multicolovershoot=\dimen147
\multicolundershoot=\dimen148
\mult@nat@firstbox=\box55
\colbreak@box=\box56
\mc@col@check@num=\count142
)
(/usr/local/texlive/2017/texmf-dist/tex/latex/multirow/multirow.sty
Package: multirow 2016/11/25 v2.2 Span multiple rows of a table
\multirow@colwidth=\skip49
\multirow@cntb=\count143
\multirow@dima=\skip50
\bigstrutjot=\dimen149
)
(/usr/local/texlive/2017/texmf-dist/tex/latex/tools/bm.sty
Package: bm 2017/01/16 v1.2c Bold Symbol Support (DPC/FMi)
\symboldoperators=\mathgroup6
\symboldletters=\mathgroup7
\symboldsymbols=\mathgroup8
LaTeX Font Info:    Redeclaring math alphabet \mathbf on input line 141.
LaTeX Info: Redefining \bm on input line 207.
)
(/usr/local/texlive/2017/texmf-dist/tex/latex/caption/subcaption.sty
Package: subcaption 2016/05/22 v1.1-161 Sub-captions (AR)

(/usr/local/texlive/2017/texmf-dist/tex/latex/caption/caption.sty
Package: caption 2016/02/21 v3.3-144 Customizing captions (AR)

(/usr/local/texlive/2017/texmf-dist/tex/latex/caption/caption3.sty
Package: caption3 2016/05/22 v1.7-166 caption3 kernel (AR)
Package caption3 Info: TeX engine: e-TeX on input line 67.
\captionmargin=\dimen150
\captionmargin@=\dimen151
\captionwidth=\dimen152
\caption@tempdima=\dimen153
\caption@indent=\dimen154
\caption@parindent=\dimen155
\caption@hangindent=\dimen156
)
\c@ContinuedFloat=\count144
Package caption Info: listings package is loaded.
)
\c@subfigure=\count145
\c@subtable=\count146
)
(/usr/local/texlive/2017/texmf-dist/tex/latex/minted/minted.sty
Package: minted 2017/07/19 v2.5 Yet another Pygments shim for LaTeX

(/usr/local/texlive/2017/texmf-dist/tex/latex/oberdiek/kvoptions.sty
Package: kvoptions 2016/05/16 v3.12 Key value format for package options (HO)

(/usr/local/texlive/2017/texmf-dist/tex/generic/oberdiek/kvsetkeys.sty
Package: kvsetkeys 2016/05/16 v1.17 Key value parser (HO)

(/usr/local/texlive/2017/texmf-dist/tex/generic/oberdiek/etexcmds.sty
Package: etexcmds 2016/05/16 v1.6 Avoid name clashes with e-TeX commands (HO)

(/usr/local/texlive/2017/texmf-dist/tex/generic/oberdiek/ifluatex.sty
Package: ifluatex 2016/05/16 v1.4 Provides the ifluatex switch (HO)
Package ifluatex Info: LuaTeX not detected.
)
Package etexcmds Info: Could not find \expanded.
(etexcmds)             That can mean that you are not using pdfTeX 1.50 or
(etexcmds)             that some package has redefined \expanded.
(etexcmds)             In the latter case, load this package earlier.
)))
(/usr/local/texlive/2017/texmf-dist/tex/latex/fvextra/fvextra.sty
Package: fvextra 2017/07/08 v1.3.1 fvextra - extensions and patches for fancyvr
b

(/usr/local/texlive/2017/texmf-dist/tex/latex/base/ifthen.sty
Package: ifthen 2014/09/29 v1.1c Standard LaTeX ifthen package (DPC)
)
(/usr/local/texlive/2017/texmf-dist/tex/latex/etoolbox/etoolbox.sty
Package: etoolbox 2017/01/02 v2.4 e-TeX tools for LaTeX (JAW)
\etb@tempcnta=\count147
)
(/usr/local/texlive/2017/texmf-dist/tex/latex/fancyvrb/fancyvrb.sty
Package: fancyvrb 2008/02/07

Style option: `fancyvrb' v2.7a, with DG/SPQR fixes, and firstline=lastline fix 
<2008/02/07> (tvz)
\FV@CodeLineNo=\count148
\FV@InFile=\read1
\FV@TabBox=\box57
\c@FancyVerbLine=\count149
\FV@StepNumber=\count150
\FV@OutFile=\write3
)
(/usr/local/texlive/2017/texmf-dist/tex/latex/upquote/upquote.sty
Package: upquote 2012/04/19 v1.3 upright-quote and grave-accent glyphs in verba
tim

(/usr/local/texlive/2017/texmf-dist/tex/latex/base/textcomp.sty
Package: textcomp 2017/04/05 v2.0i Standard LaTeX package
Package textcomp Info: Sub-encoding information:
(textcomp)               5 = only ISO-Adobe without \textcurrency
(textcomp)               4 = 5 + \texteuro
(textcomp)               3 = 4 + \textohm
(textcomp)               2 = 3 + \textestimated + \textcurrency
(textcomp)               1 = TS1 - \textcircled - \t
(textcomp)               0 = TS1 (full)
(textcomp)             Font families with sub-encoding setting implement
(textcomp)             only a restricted character set as indicated.
(textcomp)             Family '?' is the default used for unknown fonts.
(textcomp)             See the documentation for details.
Package textcomp Info: Setting ? sub-encoding to TS1/1 on input line 79.

(/usr/local/texlive/2017/texmf-dist/tex/latex/base/ts1enc.def
File: ts1enc.def 2001/06/05 v3.0e (jk/car/fm) Standard LaTeX file
)
LaTeX Info: Redefining \oldstylenums on input line 334.
Package textcomp Info: Setting cmr sub-encoding to TS1/0 on input line 349.
Package textcomp Info: Setting cmss sub-encoding to TS1/0 on input line 350.
Package textcomp Info: Setting cmtt sub-encoding to TS1/0 on input line 351.
Package textcomp Info: Setting cmvtt sub-encoding to TS1/0 on input line 352.
Package textcomp Info: Setting cmbr sub-encoding to TS1/0 on input line 353.
Package textcomp Info: Setting cmtl sub-encoding to TS1/0 on input line 354.
Package textcomp Info: Setting ccr sub-encoding to TS1/0 on input line 355.
Package textcomp Info: Setting ptm sub-encoding to TS1/4 on input line 356.
Package textcomp Info: Setting pcr sub-encoding to TS1/4 on input line 357.
Package textcomp Info: Setting phv sub-encoding to TS1/4 on input line 358.
Package textcomp Info: Setting ppl sub-encoding to TS1/3 on input line 359.
Package textcomp Info: Setting pag sub-encoding to TS1/4 on input line 360.
Package textcomp Info: Setting pbk sub-encoding to TS1/4 on input line 361.
Package textcomp Info: Setting pnc sub-encoding to TS1/4 on input line 362.
Package textcomp Info: Setting pzc sub-encoding to TS1/4 on input line 363.
Package textcomp Info: Setting bch sub-encoding to TS1/4 on input line 364.
Package textcomp Info: Setting put sub-encoding to TS1/5 on input line 365.
Package textcomp Info: Setting uag sub-encoding to TS1/5 on input line 366.
Package textcomp Info: Setting ugq sub-encoding to TS1/5 on input line 367.
Package textcomp Info: Setting ul8 sub-encoding to TS1/4 on input line 368.
Package textcomp Info: Setting ul9 sub-encoding to TS1/4 on input line 369.
Package textcomp Info: Setting augie sub-encoding to TS1/5 on input line 370.
Package textcomp Info: Setting dayrom sub-encoding to TS1/3 on input line 371.
Package textcomp Info: Setting dayroms sub-encoding to TS1/3 on input line 372.

Package textcomp Info: Setting pxr sub-encoding to TS1/0 on input line 373.
Package textcomp Info: Setting pxss sub-encoding to TS1/0 on input line 374.
Package textcomp Info: Setting pxtt sub-encoding to TS1/0 on input line 375.
Package textcomp Info: Setting txr sub-encoding to TS1/0 on input line 376.
Package textcomp Info: Setting txss sub-encoding to TS1/0 on input line 377.
Package textcomp Info: Setting txtt sub-encoding to TS1/0 on input line 378.
Package textcomp Info: Setting lmr sub-encoding to TS1/0 on input line 379.
Package textcomp Info: Setting lmdh sub-encoding to TS1/0 on input line 380.
Package textcomp Info: Setting lmss sub-encoding to TS1/0 on input line 381.
Package textcomp Info: Setting lmssq sub-encoding to TS1/0 on input line 382.
Package textcomp Info: Setting lmvtt sub-encoding to TS1/0 on input line 383.
Package textcomp Info: Setting lmtt sub-encoding to TS1/0 on input line 384.
Package textcomp Info: Setting qhv sub-encoding to TS1/0 on input line 385.
Package textcomp Info: Setting qag sub-encoding to TS1/0 on input line 386.
Package textcomp Info: Setting qbk sub-encoding to TS1/0 on input line 387.
Package textcomp Info: Setting qcr sub-encoding to TS1/0 on input line 388.
Package textcomp Info: Setting qcs sub-encoding to TS1/0 on input line 389.
Package textcomp Info: Setting qpl sub-encoding to TS1/0 on input line 390.
Package textcomp Info: Setting qtm sub-encoding to TS1/0 on input line 391.
Package textcomp Info: Setting qzc sub-encoding to TS1/0 on input line 392.
Package textcomp Info: Setting qhvc sub-encoding to TS1/0 on input line 393.
Package textcomp Info: Setting futs sub-encoding to TS1/4 on input line 394.
Package textcomp Info: Setting futx sub-encoding to TS1/4 on input line 395.
Package textcomp Info: Setting futj sub-encoding to TS1/4 on input line 396.
Package textcomp Info: Setting hlh sub-encoding to TS1/3 on input line 397.
Package textcomp Info: Setting hls sub-encoding to TS1/3 on input line 398.
Package textcomp Info: Setting hlst sub-encoding to TS1/3 on input line 399.
Package textcomp Info: Setting hlct sub-encoding to TS1/5 on input line 400.
Package textcomp Info: Setting hlx sub-encoding to TS1/5 on input line 401.
Package textcomp Info: Setting hlce sub-encoding to TS1/5 on input line 402.
Package textcomp Info: Setting hlcn sub-encoding to TS1/5 on input line 403.
Package textcomp Info: Setting hlcw sub-encoding to TS1/5 on input line 404.
Package textcomp Info: Setting hlcf sub-encoding to TS1/5 on input line 405.
Package textcomp Info: Setting pplx sub-encoding to TS1/3 on input line 406.
Package textcomp Info: Setting pplj sub-encoding to TS1/3 on input line 407.
Package textcomp Info: Setting ptmx sub-encoding to TS1/4 on input line 408.
Package textcomp Info: Setting ptmj sub-encoding to TS1/4 on input line 409.
))
(/usr/local/texlive/2017/texmf-dist/tex/latex/lineno/lineno.sty
Package: lineno 2005/11/02 line numbers on paragraphs v4.41
\linenopenalty=\count151
\output=\toks24
\linenoprevgraf=\count152
\linenumbersep=\dimen157
\linenumberwidth=\dimen158
\c@linenumber=\count153
\c@pagewiselinenumber=\count154
\c@LN@truepage=\count155
\c@internallinenumber=\count156
\c@internallinenumbers=\count157
\quotelinenumbersep=\dimen159
\bframerule=\dimen160
\bframesep=\dimen161
\bframebox=\box58
LaTeX Info: Redefining \\ on input line 3056.
)
\c@FV@TrueTabGroupLevel=\count158
\c@FV@TrueTabCounter=\count159
\FV@TabBox@Group=\box59
\FV@TmpLength=\skip51
\c@FV@HighlightLinesStart=\count160
\c@FV@HighlightLinesStop=\count161
\FV@LoopCount=\count162
\FV@NCharsBox=\box60
\FV@BreakIndent=\dimen162
\FV@BreakIndentNChars=\count163
\FV@BreakSymbolSepLeft=\dimen163
\FV@BreakSymbolSepLeftNChars=\count164
\FV@BreakSymbolSepRight=\dimen164
\FV@BreakSymbolSepRightNChars=\count165
\FV@BreakSymbolIndentLeft=\dimen165
\FV@BreakSymbolIndentLeftNChars=\count166
\FV@BreakSymbolIndentRight=\dimen166
\FV@BreakSymbolIndentRightNChars=\count167
\c@FancyVerbLineBreakLast=\count168
\FV@LineBox=\box61
\FV@LineIndentBox=\box62
)
(/usr/local/texlive/2017/texmf-dist/tex/latex/tools/calc.sty
Package: calc 2014/10/28 v4.3 Infix arithmetic (KKT,FJ)
\calc@Acount=\count169
\calc@Bcount=\count170
\calc@Adimen=\dimen167
\calc@Bdimen=\dimen168
\calc@Askip=\skip52
\calc@Bskip=\skip53
LaTeX Info: Redefining \setlength on input line 80.
LaTeX Info: Redefining \addtolength on input line 81.
\calc@Ccount=\count171
\calc@Cskip=\skip54
)
(/usr/local/texlive/2017/texmf-dist/tex/latex/tools/shellesc.sty
Package: shellesc 2016/06/07 v0.02a unified shell escape interface for LaTeX
Package shellesc Info: Unrestricted shell escape enabled on input line 67.
)
(/usr/local/texlive/2017/texmf-dist/tex/latex/ifplatform/ifplatform.sty
Package: ifplatform 2010/10/22 v0.4 Testing for the operating system

(/usr/local/texlive/2017/texmf-dist/tex/generic/oberdiek/pdftexcmds.sty
Package: pdftexcmds 2017/03/19 v0.25 Utility functions of pdfTeX for LuaTeX (HO
)
Package pdftexcmds Info: LuaTeX not detected.
Package pdftexcmds Info: \pdf@primitive is available.
Package pdftexcmds Info: \pdf@ifprimitive is available.
Package pdftexcmds Info: \pdfdraftmode found.
)
(/usr/local/texlive/2017/texmf-dist/tex/generic/oberdiek/catchfile.sty
Package: catchfile 2016/05/16 v1.7 Catch the contents of a file (HO)
)
runsystem(uname -s > "STAT501hw1YifanZhu.w18")...executed.


(./STAT501hw1YifanZhu.w18)
runsystem(rm -- "STAT501hw1YifanZhu.w18")...executed.

)
(/usr/local/texlive/2017/texmf-dist/tex/generic/xstring/xstring.sty
(/usr/local/texlive/2017/texmf-dist/tex/generic/xstring/xstring.tex
\@xs@message=\write4
\integerpart=\count172
\decimalpart=\count173
)
Package: xstring 2013/10/13  v1.7c  String manipulations (C Tellechea)
)
(/usr/local/texlive/2017/texmf-dist/tex/latex/framed/framed.sty
Package: framed 2011/10/22 v 0.96: framed or shaded text with page breaks
\OuterFrameSep=\skip55
\fb@frw=\dimen169
\fb@frh=\dimen170
\FrameRule=\dimen171
\FrameSep=\dimen172
)
(/usr/local/texlive/2017/texmf-dist/tex/latex/float/float.sty
Package: float 2001/11/08 v1.3d Float enhancements (AL)
\c@float@type=\count174
\float@exts=\toks25
\float@box=\box63
\@float@everytoks=\toks26
\@floatcapt=\box64
)
\minted@appexistsfile=\read2
\minted@bgbox=\box65
\minted@code=\write5
\c@minted@FancyVerbLineTemp=\count175
\c@minted@pygmentizecounter=\count176
\@float@every@listing=\toks27
\c@listing=\count177
)
runsystem(mkdir -p _minted-STAT501hw1YifanZhu)...executed.

runsystem(which pygmentize && touch STAT501hw1YifanZhu.aex)...executed.

runsystem(rm STAT501hw1YifanZhu.aex)...executed.


(./STAT501hw1YifanZhu.aux)
\openout1 = `STAT501hw1YifanZhu.aux'.

LaTeX Font Info:    Checking defaults for OML/cmm/m/it on input line 45.
LaTeX Font Info:    ... okay on input line 45.
LaTeX Font Info:    Checking defaults for T1/cmr/m/n on input line 45.
LaTeX Font Info:    ... okay on input line 45.
LaTeX Font Info:    Checking defaults for OT1/cmr/m/n on input line 45.
LaTeX Font Info:    ... okay on input line 45.
LaTeX Font Info:    Checking defaults for OMS/cmsy/m/n on input line 45.
LaTeX Font Info:    ... okay on input line 45.
LaTeX Font Info:    Checking defaults for OMX/cmex/m/n on input line 45.
LaTeX Font Info:    ... okay on input line 45.
LaTeX Font Info:    Checking defaults for U/cmr/m/n on input line 45.
LaTeX Font Info:    ... okay on input line 45.
LaTeX Font Info:    Checking defaults for TS1/cmr/m/n on input line 45.
LaTeX Font Info:    Try loading font information for TS1+cmr on input line 45.

(/usr/local/texlive/2017/texmf-dist/tex/latex/base/ts1cmr.fd
File: ts1cmr.fd 2014/09/29 v2.5h Standard LaTeX font definitions
)
LaTeX Font Info:    ... okay on input line 45.

(/usr/local/texlive/2017/texmf-dist/tex/context/base/mkii/supp-pdf.mkii
[Loading MPS to PDF converter (version 2006.09.02).]
\scratchcounter=\count178
\scratchdimen=\dimen173
\scratchbox=\box66
\nofMPsegments=\count179
\nofMParguments=\count180
\everyMPshowfont=\toks28
\MPscratchCnt=\count181
\MPscratchDim=\dimen174
\MPnumerator=\count182
\makeMPintoPDFobject=\count183
\everyMPtoPDFconversion=\toks29
) (/usr/local/texlive/2017/texmf-dist/tex/latex/oberdiek/epstopdf-base.sty
Package: epstopdf-base 2016/05/15 v2.6 Base part for package epstopdf

(/usr/local/texlive/2017/texmf-dist/tex/latex/oberdiek/grfext.sty
Package: grfext 2016/05/16 v1.2 Manage graphics extensions (HO)

(/usr/local/texlive/2017/texmf-dist/tex/generic/oberdiek/kvdefinekeys.sty
Package: kvdefinekeys 2016/05/16 v1.4 Define keys (HO)
))
Package epstopdf-base Info: Redefining graphics rule for `.eps' on input line 4
38.
Package grfext Info: Graphics extension search list:
(grfext)             [.png,.pdf,.jpg,.mps,.jpeg,.jbig2,.jb2,.PNG,.PDF,.JPG,.JPE
G,.JBIG2,.JB2,.eps]
(grfext)             \AppendGraphicsExtensions on input line 456.

(/usr/local/texlive/2017/texmf-dist/tex/latex/latexconfig/epstopdf-sys.cfg
File: epstopdf-sys.cfg 2010/07/13 v1.3 Configuration of (r)epstopdf for TeX Liv
e
))
*geometry* driver: auto-detecting
*geometry* detected driver: pdftex
*geometry* verbose mode - [ preamble ] result:
* driver: pdftex
* paper: letterpaper
* layout: <same size as paper>
* layoutoffset:(h,v)=(0.0pt,0.0pt)
* modes: 
* h-part:(L,W,R)=(92.14519pt, 430.00462pt, 92.14519pt)
* v-part:(T,H,B)=(72.26999pt, 635.97623pt, 86.72377pt)
* \paperwidth=614.295pt
* \paperheight=794.96999pt
* \textwidth=430.00462pt
* \textheight=635.97623pt
* \oddsidemargin=19.8752pt
* \evensidemargin=19.8752pt
* \topmargin=-37.0pt
* \headheight=12.0pt
* \headsep=25.0pt
* \topskip=10.0pt
* \footskip=30.0pt
* \marginparwidth=65.0pt
* \marginparsep=11.0pt
* \columnsep=10.0pt
* \skip\footins=9.0pt plus 4.0pt minus 2.0pt
* \hoffset=0.0pt
* \voffset=0.0pt
* \mag=1000
* \@twocolumnfalse
* \@twosidefalse
* \@mparswitchfalse
* \@reversemarginfalse
* (1in=72.27pt=25.4mm, 1cm=28.453pt)

\c@lstlisting=\count184
Package caption Info: Begin \AtBeginDocument code.
Package caption Info: float package is loaded.
Package caption Info: End \AtBeginDocument code.
LaTeX Font Info:    Try loading font information for U+msa on input line 52.
(/usr/local/texlive/2017/texmf-dist/tex/latex/amsfonts/umsa.fd
File: umsa.fd 2013/01/14 v3.01 AMS symbols A
)
LaTeX Font Info:    Try loading font information for U+msb on input line 52.

(/usr/local/texlive/2017/texmf-dist/tex/latex/amsfonts/umsb.fd
File: umsb.fd 2013/01/14 v3.01 AMS symbols B
)
\openout3 = `STAT501hw1YifanZhu.pyg'.


(./_minted-STAT501hw1YifanZhu/default-pyg-prefix.pygstyle)
(./_minted-STAT501hw1YifanZhu/tango.pygstyle)
(./_minted-STAT501hw1YifanZhu/957601B3CDF9FCC298E72A7E9076169AD33BA61028FD08AF6
741F54ACEA1469E.pygtex
LaTeX Font Info:    Try loading font information for OT1+pcr on input line 1.

(/usr/local/texlive/2017/texmf-dist/tex/latex/psnfss/ot1pcr.fd
File: ot1pcr.fd 2001/06/04 font definitions for OT1/pcr.
)
LaTeX Font Info:    Font shape `OT1/pcr/bx/n' in size <10> not available
(Font)              Font shape `OT1/pcr/b/n' tried instead on input line 2.
)
\openout3 = `STAT501hw1YifanZhu.pyg'.


(./_minted-STAT501hw1YifanZhu/BACA860358CFA09F8E4D2F3F58C23572D33BA61028FD08AF6
741F54ACEA1469E.pygtex
! Undefined control sequence.
\FancyVerbBreakSymbolLeft ->\carriagereturn 
                                            
l.3 ...),}FUN \PYG{o}{=} \PYG{k+kp}{rev}\PYG{p}{)}
                                                  
The control sequence at the end of the top line
of your error message was never \def'ed. If you have
misspelled it (e.g., `\hobx'), type `I' and the correct
spelling (e.g., `I\hbox'). Otherwise just continue,
and I'll forget about whatever was undefined.

! Undefined control sequence.
\FancyVerbBreakSymbolLeft ->\carriagereturn 
                                            
l.5 ...G{p}{(}x\PYG{p}{)[}\PYG{l+m}{1}\PYG{p}{]))}
                                                  
The control sequence at the end of the top line
of your error message was never \def'ed. If you have
misspelled it (e.g., `\hobx'), type `I' and the correct
spelling (e.g., `I\hbox'). Otherwise just continue,
and I'll forget about whatever was undefined.

! Undefined control sequence.
\FancyVerbBreakSymbolLeft ->\carriagereturn 
                                            
l.8 ...G{p}{(}x\PYG{p}{)[}\PYG{l+m}{4}\PYG{p}{]))}
                                                  
The control sequence at the end of the top line
of your error message was never \def'ed. If you have
misspelled it (e.g., `\hobx'), type `I' and the correct
spelling (e.g., `I\hbox'). Otherwise just continue,
and I'll forget about whatever was undefined.

LaTeX Font Info:    Font shape `OT1/pcr/m/it' in size <10> not available
(Font)              Font shape `OT1/pcr/m/sl' tried instead on input line 12.
LaTeX Font Info:    Try loading font information for TS1+pcr on input line 23.
(/usr/local/texlive/2017/texmf-dist/tex/latex/psnfss/ts1pcr.fd
File: ts1pcr.fd 2001/06/04 font definitions for TS1/pcr.
)
LaTeX Font Info:    Font shape `TS1/pcr/m/it' in size <10> not available
(Font)              Font shape `TS1/pcr/m/sl' tried instead on input line 23.

! Undefined control sequence.
\FancyVerbBreakSymbolLeft ->\carriagereturn 
                                            
l.24 ...PYG{l+s}{\PYGZdq{}red\PYGZdq{}}\PYG{p}{))}
                                                  
The control sequence at the end of the top line
of your error message was never \def'ed. If you have
misspelled it (e.g., `\hobx'), type `I' and the correct
spelling (e.g., `I\hbox'). Otherwise just continue,
and I'll forget about whatever was undefined.

)
Package epstopdf Info: Source file: <1b.eps>
(epstopdf)                    date: 2018-01-30 22:26:32
(epstopdf)                    size: 153403 bytes
(epstopdf)             Output file: <1b-eps-converted-to.pdf>
(epstopdf)                    date: 2018-01-30 22:41:46
(epstopdf)                    size: 50722 bytes
(epstopdf)             Command: <epstopdf --outfile=1b-eps-converted-to.pdf 1b.
eps>
(epstopdf)             \includegraphics on input line 94.
Package epstopdf Info: Output file is already uptodate.
 <1b-eps-converted-to.pdf, id=1, 486.81876pt x 407.5225pt>
File: 1b-eps-converted-to.pdf Graphic file (type pdf)

<use 1b-eps-converted-to.pdf>
Package pdftex.def Info: 1b-eps-converted-to.pdf used on input line 94.
(pdftex.def)             Requested size: 301.00192pt x 251.9711pt.
 [1

{/usr/local/texlive/2017/texmf-var/fonts/map/pdftex/updmap/pdftex.map}]
\openout3 = `STAT501hw1YifanZhu.pyg'.


(./_minted-STAT501hw1YifanZhu/AD9DC85DECF60234DB98B1638209E2CCD33BA61028FD08AF6
741F54ACEA1469E.pygtex
! Undefined control sequence.
\FancyVerbBreakSymbolLeft ->\carriagereturn 
                                            
l.7 ...+s}{\PYGZdq{}sclerosis\PYGZdq{}}\PYG{p}{))}
                                                  
The control sequence at the end of the top line
of your error message was never \def'ed. If you have
misspelled it (e.g., `\hobx'), type `I' and the correct
spelling (e.g., `I\hbox'). Otherwise just continue,
and I'll forget about whatever was undefined.

! Undefined control sequence.
\FancyVerbBreakSymbolLeft ->\carriagereturn 
                                            
l.9 ...G{l+s}{\PYGZdq{}Disease\PYGZdq{}}\PYG{p}{)}
                                                  
The control sequence at the end of the top line
of your error message was never \def'ed. If you have
misspelled it (e.g., `\hobx'), type `I' and the correct
spelling (e.g., `I\hbox'). Otherwise just continue,
and I'll forget about whatever was undefined.

)
Package epstopdf Info: Source file: <2a.eps>
(epstopdf)                    date: 2018-01-30 22:27:12
(epstopdf)                    size: 11701 bytes
(epstopdf)             Output file: <2a-eps-converted-to.pdf>
(epstopdf)                    date: 2018-01-30 23:03:34
(epstopdf)                    size: 19229 bytes
(epstopdf)             Command: <epstopdf --outfile=2a-eps-converted-to.pdf 2a.
eps>
(epstopdf)             \includegraphics on input line 133.
Package epstopdf Info: Output file is already uptodate.
 <2a-eps-converted-to.pdf, id=15, 486.81876pt x 407.5225pt>
File: 2a-eps-converted-to.pdf Graphic file (type pdf)

<use 2a-eps-converted-to.pdf>
Package pdftex.def Info: 2a-eps-converted-to.pdf used on input line 133.
(pdftex.def)             Requested size: 301.00192pt x 251.9711pt.
Package epstopdf Info: Source file: <2astarcoord.eps>
(epstopdf)                    date: 2018-01-30 22:27:49
(epstopdf)                    size: 13507 bytes
(epstopdf)             Output file: <2astarcoord-eps-converted-to.pdf>
(epstopdf)                    date: 2018-01-30 23:03:36
(epstopdf)                    size: 10808 bytes
(epstopdf)             Command: <epstopdf --outfile=2astarcoord-eps-converted-t
o.pdf 2astarcoord.eps>
(epstopdf)             \includegraphics on input line 139.
Package epstopdf Info: Output file is already uptodate.

<2astarcoord-eps-converted-to.pdf, id=16, 486.81876pt x 407.5225pt>
File: 2astarcoord-eps-converted-to.pdf Graphic file (type pdf)

<use 2astarcoord-eps-converted-to.pdf>
Package pdftex.def Info: 2astarcoord-eps-converted-to.pdf used on input line 13
9.
(pdftex.def)             Requested size: 301.00192pt x 251.9711pt.
 [2 <./1b-eps-converted-to.pdf>] [3 <./2a-eps-converted-to.pdf> <./2astarcoord-
eps-converted-to.pdf>]
\openout3 = `STAT501hw1YifanZhu.pyg'.


(./_minted-STAT501hw1YifanZhu/F66C3A2BBD850AF54EF2CA09E41CBB3AD33BA61028FD08AF6
741F54ACEA1469E.pygtex)
\openout3 = `STAT501hw1YifanZhu.pyg'.


(./_minted-STAT501hw1YifanZhu/F442CD3B166C94A4CA0E270D212AB389D33BA61028FD08AF6
741F54ACEA1469E.pygtex
! Undefined control sequence.
\FancyVerbBreakSymbolLeft ->\carriagereturn 
                                            
l.2 ...PYG{p}{,} sclerosis\PYGZus{}mean\PYG{p}{))}
                                                  
The control sequence at the end of the top line
of your error message was never \def'ed. If you have
misspelled it (e.g., `\hobx'), type `I' and the correct
spelling (e.g., `I\hbox'). Otherwise just continue,
and I'll forget about whatever was undefined.

)
Package epstopdf Info: Source file: <2c.eps>
(epstopdf)                    date: 2018-01-30 22:30:44
(epstopdf)                    size: 18486 bytes
(epstopdf)             Output file: <2c-eps-converted-to.pdf>
(epstopdf)                    date: 2018-01-30 23:08:08
(epstopdf)                    size: 12592 bytes
(epstopdf)             Command: <epstopdf --outfile=2c-eps-converted-to.pdf 2c.
eps>
(epstopdf)             \includegraphics on input line 175.
Package epstopdf Info: Output file is already uptodate.
 <2c-eps-converted-to.pdf, id=50, 486.81876pt x 407.5225pt>
File: 2c-eps-converted-to.pdf Graphic file (type pdf)

<use 2c-eps-converted-to.pdf>
Package pdftex.def Info: 2c-eps-converted-to.pdf used on input line 175.
(pdftex.def)             Requested size: 301.00192pt x 251.9711pt.
 [4 <./2c-eps-converted-to.pdf>]
\openout3 = `STAT501hw1YifanZhu.pyg'.


(./_minted-STAT501hw1YifanZhu/3AF0C4E5D6AC36C0E880D8CAB00E3963D33BA61028FD08AF6
741F54ACEA1469E.pygtex)
Package epstopdf Info: Source file: <2dnormal.eps>
(epstopdf)                    date: 2018-01-30 22:31:00
(epstopdf)                    size: 50776 bytes
(epstopdf)             Output file: <2dnormal-eps-converted-to.pdf>
(epstopdf)                    date: 2018-01-30 23:13:56
(epstopdf)                    size: 25135 bytes
(epstopdf)             Command: <epstopdf --outfile=2dnormal-eps-converted-to.p
df 2dnormal.eps>
(epstopdf)             \includegraphics on input line 194.
Package epstopdf Info: Output file is already uptodate.

<2dnormal-eps-converted-to.pdf, id=61, 486.81876pt x 407.5225pt>
File: 2dnormal-eps-converted-to.pdf Graphic file (type pdf)

<use 2dnormal-eps-converted-to.pdf>
Package pdftex.def Info: 2dnormal-eps-converted-to.pdf used on input line 194.
(pdftex.def)             Requested size: 215.0023pt x 179.98203pt.
Package epstopdf Info: Source file: <2dsclerosis.eps>
(epstopdf)                    date: 2018-01-30 22:31:18
(epstopdf)                    size: 50791 bytes
(epstopdf)             Output file: <2dsclerosis-eps-converted-to.pdf>
(epstopdf)                    date: 2018-01-30 23:13:58
(epstopdf)                    size: 25306 bytes
(epstopdf)             Command: <epstopdf --outfile=2dsclerosis-eps-converted-t
o.pdf 2dsclerosis.eps>
(epstopdf)             \includegraphics on input line 198.
Package epstopdf Info: Output file is already uptodate.

<2dsclerosis-eps-converted-to.pdf, id=62, 486.81876pt x 407.5225pt>
File: 2dsclerosis-eps-converted-to.pdf Graphic file (type pdf)

<use 2dsclerosis-eps-converted-to.pdf>
Package pdftex.def Info: 2dsclerosis-eps-converted-to.pdf used on input line 19
8.
(pdftex.def)             Requested size: 215.0023pt x 179.98203pt.
\openout3 = `STAT501hw1YifanZhu.pyg'.


(./_minted-STAT501hw1YifanZhu/6F215588A30731AA5F0C6A2597C6FF6DD33BA61028FD08AF6
741F54ACEA1469E.pygtex
! Undefined control sequence.
\FancyVerbBreakSymbolLeft ->\carriagereturn 
                                            
l.3 ...a.gov//users/brooks//public\PYGZus{}html//}
                                                  
The control sequence at the end of the top line
of your error message was never \def'ed. If you have
misspelled it (e.g., `\hobx'), type `I' and the correct
spelling (e.g., `I\hbox'). Otherwise just continue,
and I'll forget about whatever was undefined.

! Undefined control sequence.
\FancyVerbBreakSymbolLeft ->\carriagereturn 
                                            
l.4 ...\PYG{l+s}{\PYGZdq{}dec\PYGZdq{}}\PYG{p}{))}
                                                  
The control sequence at the end of the top line
of your error message was never \def'ed. If you have
misspelled it (e.g., `\hobx'), type `I' and the correct
spelling (e.g., `I\hbox'). Otherwise just continue,
and I'll forget about whatever was undefined.

! Undefined control sequence.
\FancyVerbBreakSymbolLeft ->\carriagereturn 
                                            
l.4 ...\PYG{l+s}{\PYGZdq{}dec\PYGZdq{}}\PYG{p}{))}
                                                  
The control sequence at the end of the top line
of your error message was never \def'ed. If you have
misspelled it (e.g., `\hobx'), type `I' and the correct
spelling (e.g., `I\hbox'). Otherwise just continue,
and I'll forget about whatever was undefined.

)
Package epstopdf Info: Source file: <3a.eps>
(epstopdf)                    date: 2018-01-30 21:50:57
(epstopdf)                    size: 153515 bytes
(epstopdf)             Output file: <3a-eps-converted-to.pdf>
(epstopdf)                    date: 2018-01-30 23:21:38
(epstopdf)                    size: 65787 bytes
(epstopdf)             Command: <epstopdf --outfile=3a-eps-converted-to.pdf 3a.
eps>
(epstopdf)             \includegraphics on input line 223.
Package epstopdf Info: Output file is already uptodate.
 <3a-eps-converted-to.pdf, id=63, 660.4675pt x 495.8525pt>
File: 3a-eps-converted-to.pdf Graphic file (type pdf)

<use 3a-eps-converted-to.pdf>
Package pdftex.def Info: 3a-eps-converted-to.pdf used on input line 223.
(pdftex.def)             Requested size: 301.00192pt x 225.98398pt.
 [5 <./2dnormal-eps-converted-to.pdf> <./2dsclerosis-eps-converted-to.pdf>] [6 
<./3a-eps-converted-to.pdf>]
\openout3 = `STAT501hw1YifanZhu.pyg'.


(./_minted-STAT501hw1YifanZhu/01BD70CD4C82936748127D19BD73E33DD33BA61028FD08AF6
741F54ACEA1469E.pygtex
! Undefined control sequence.
\FancyVerbBreakSymbolLeft ->\carriagereturn 
                                            
l.3 ...owest \PYG{o}{=} \PYG{n+nb+bp}{F}\PYG{p}{)}
                                                  
The control sequence at the end of the top line
of your error message was never \def'ed. If you have
misspelled it (e.g., `\hobx'), type `I' and the correct
spelling (e.g., `I\hbox'). Otherwise just continue,
and I'll forget about whatever was undefined.

! Undefined control sequence.
\FancyVerbBreakSymbolLeft ->\carriagereturn 
                                            
l.3 ...owest \PYG{o}{=} \PYG{n+nb+bp}{F}\PYG{p}{)}
                                                  
The control sequence at the end of the top line
of your error message was never \def'ed. If you have
misspelled it (e.g., `\hobx'), type `I' and the correct
spelling (e.g., `I\hbox'). Otherwise just continue,
and I'll forget about whatever was undefined.

! Undefined control sequence.
\FancyVerbBreakSymbolLeft ->\carriagereturn 
                                            
l.7 ...,}alpha \PYG{o}{=} \PYG{l+m}{0.2}\PYG{p}{)}
                                                  
The control sequence at the end of the top line
of your error message was never \def'ed. If you have
misspelled it (e.g., `\hobx'), type `I' and the correct
spelling (e.g., `I\hbox'). Otherwise just continue,
and I'll forget about whatever was undefined.

) <3bi.jpeg, id=106, 487.06969pt x 407.27156pt>
File: 3bi.jpeg Graphic file (type jpg)
 <use 3bi.jpeg>
Package pdftex.def Info: 3bi.jpeg used on input line 244.
(pdftex.def)             Requested size: 301.00192pt x 251.68544pt.
 [7 <./3bi.jpeg>]
\openout3 = `STAT501hw1YifanZhu.pyg'.


(./_minted-STAT501hw1YifanZhu/267FEAFF9E192D9D6156788FF3F47309D33BA61028FD08AF6
741F54ACEA1469E.pygtex
! Undefined control sequence.
\FancyVerbBreakSymbolLeft ->\carriagereturn 
                                            
l.4 ...))),} order \PYG{o}{=} i\PYG{p}{)\PYGZcb{}}
                                                  
The control sequence at the end of the top line
of your error message was never \def'ed. If you have
misspelled it (e.g., `\hobx'), type `I' and the correct
spelling (e.g., `I\hbox'). Otherwise just continue,
and I'll forget about whatever was undefined.

)
Package epstopdf Info: Source file: <3cii1.eps>
(epstopdf)                    date: 2018-01-30 21:56:25
(epstopdf)                    size: 37061 bytes
(epstopdf)             Output file: <3cii1-eps-converted-to.pdf>
(epstopdf)                    date: 2018-01-30 23:38:32
(epstopdf)                    size: 17666 bytes
(epstopdf)             Command: <epstopdf --outfile=3cii1-eps-converted-to.pdf 
3cii1.eps>
(epstopdf)             \includegraphics on input line 262.
Package epstopdf Info: Output file is already uptodate.
 <3cii1-eps-converted-to.pdf, id=111, 486.81876pt x 407.5225pt>
File: 3cii1-eps-converted-to.pdf Graphic file (type pdf)

<use 3cii1-eps-converted-to.pdf>
Package pdftex.def Info: 3cii1-eps-converted-to.pdf used on input line 262.
(pdftex.def)             Requested size: 129.00269pt x 107.98672pt.
Package epstopdf Info: Source file: <3cii2.eps>
(epstopdf)                    date: 2018-01-30 21:56:42
(epstopdf)                    size: 38597 bytes
(epstopdf)             Output file: <3cii2-eps-converted-to.pdf>
(epstopdf)                    date: 2018-01-30 23:38:34
(epstopdf)                    size: 17742 bytes
(epstopdf)             Command: <epstopdf --outfile=3cii2-eps-converted-to.pdf 
3cii2.eps>
(epstopdf)             \includegraphics on input line 266.
Package epstopdf Info: Output file is already uptodate.

<3cii2-eps-converted-to.pdf, id=112, 486.81876pt x 407.5225pt>
File: 3cii2-eps-converted-to.pdf Graphic file (type pdf)

<use 3cii2-eps-converted-to.pdf>
Package pdftex.def Info: 3cii2-eps-converted-to.pdf used on input line 266.
(pdftex.def)             Requested size: 129.00269pt x 107.98672pt.
Package epstopdf Info: Source file: <3cii3.eps>
(epstopdf)                    date: 2018-01-30 21:57:01
(epstopdf)                    size: 39137 bytes
(epstopdf)             Output file: <3cii3-eps-converted-to.pdf>
(epstopdf)                    date: 2018-01-30 23:38:36
(epstopdf)                    size: 17757 bytes
(epstopdf)             Command: <epstopdf --outfile=3cii3-eps-converted-to.pdf 
3cii3.eps>
(epstopdf)             \includegraphics on input line 271.
Package epstopdf Info: Output file is already uptodate.

<3cii3-eps-converted-to.pdf, id=113, 486.81876pt x 407.5225pt>
File: 3cii3-eps-converted-to.pdf Graphic file (type pdf)

<use 3cii3-eps-converted-to.pdf>
Package pdftex.def Info: 3cii3-eps-converted-to.pdf used on input line 271.
(pdftex.def)             Requested size: 129.00269pt x 107.98672pt.
Package epstopdf Info: Source file: <3cii4.eps>
(epstopdf)                    date: 2018-01-30 21:59:54
(epstopdf)                    size: 38117 bytes
(epstopdf)             Output file: <3cii4-eps-converted-to.pdf>
(epstopdf)                    date: 2018-01-30 23:38:38
(epstopdf)                    size: 17757 bytes
(epstopdf)             Command: <epstopdf --outfile=3cii4-eps-converted-to.pdf 
3cii4.eps>
(epstopdf)             \includegraphics on input line 275.
Package epstopdf Info: Output file is already uptodate.

<3cii4-eps-converted-to.pdf, id=114, 486.81876pt x 407.5225pt>
File: 3cii4-eps-converted-to.pdf Graphic file (type pdf)

<use 3cii4-eps-converted-to.pdf>
Package pdftex.def Info: 3cii4-eps-converted-to.pdf used on input line 275.
(pdftex.def)             Requested size: 129.00269pt x 107.98672pt.
Package epstopdf Info: Source file: <3cii5.eps>
(epstopdf)                    date: 2018-01-30 22:00:18
(epstopdf)                    size: 38657 bytes
(epstopdf)             Output file: <3cii5-eps-converted-to.pdf>
(epstopdf)                    date: 2018-01-30 23:38:40
(epstopdf)                    size: 17759 bytes
(epstopdf)             Command: <epstopdf --outfile=3cii5-eps-converted-to.pdf 
3cii5.eps>
(epstopdf)             \includegraphics on input line 279.
Package epstopdf Info: Output file is already uptodate.

<3cii5-eps-converted-to.pdf, id=115, 486.81876pt x 407.5225pt>
File: 3cii5-eps-converted-to.pdf Graphic file (type pdf)

<use 3cii5-eps-converted-to.pdf>
Package pdftex.def Info: 3cii5-eps-converted-to.pdf used on input line 279.
(pdftex.def)             Requested size: 129.00269pt x 107.98672pt.
Package epstopdf Info: Source file: <3cii6.eps>
(epstopdf)                    date: 2018-01-30 22:00:29
(epstopdf)                    size: 38909 bytes
(epstopdf)             Output file: <3cii6-eps-converted-to.pdf>
(epstopdf)                    date: 2018-01-30 23:38:42
(epstopdf)                    size: 17765 bytes
(epstopdf)             Command: <epstopdf --outfile=3cii6-eps-converted-to.pdf 
3cii6.eps>
(epstopdf)             \includegraphics on input line 283.
Package epstopdf Info: Output file is already uptodate.

<3cii6-eps-converted-to.pdf, id=116, 486.81876pt x 407.5225pt>
File: 3cii6-eps-converted-to.pdf Graphic file (type pdf)

<use 3cii6-eps-converted-to.pdf>
Package pdftex.def Info: 3cii6-eps-converted-to.pdf used on input line 283.
(pdftex.def)             Requested size: 129.00269pt x 107.98672pt.
Package epstopdf Info: Source file: <3cii7.eps>
(epstopdf)                    date: 2018-01-30 22:01:02
(epstopdf)                    size: 38093 bytes
(epstopdf)             Output file: <3cii7-eps-converted-to.pdf>
(epstopdf)                    date: 2018-01-30 23:38:44
(epstopdf)                    size: 17773 bytes
(epstopdf)             Command: <epstopdf --outfile=3cii7-eps-converted-to.pdf 
3cii7.eps>
(epstopdf)             \includegraphics on input line 287.
Package epstopdf Info: Output file is already uptodate.

<3cii7-eps-converted-to.pdf, id=117, 486.81876pt x 407.5225pt>
File: 3cii7-eps-converted-to.pdf Graphic file (type pdf)

<use 3cii7-eps-converted-to.pdf>
Package pdftex.def Info: 3cii7-eps-converted-to.pdf used on input line 287.
(pdftex.def)             Requested size: 129.00269pt x 107.98672pt.
Package epstopdf Info: Source file: <3cii8.eps>
(epstopdf)                    date: 2018-01-30 22:01:33
(epstopdf)                    size: 37229 bytes
(epstopdf)             Output file: <3cii8-eps-converted-to.pdf>
(epstopdf)                    date: 2018-01-30 23:38:46
(epstopdf)                    size: 17703 bytes
(epstopdf)             Command: <epstopdf --outfile=3cii8-eps-converted-to.pdf 
3cii8.eps>
(epstopdf)             \includegraphics on input line 291.
Package epstopdf Info: Output file is already uptodate.

<3cii8-eps-converted-to.pdf, id=118, 486.81876pt x 407.5225pt>
File: 3cii8-eps-converted-to.pdf Graphic file (type pdf)

<use 3cii8-eps-converted-to.pdf>
Package pdftex.def Info: 3cii8-eps-converted-to.pdf used on input line 291.
(pdftex.def)             Requested size: 129.00269pt x 107.98672pt.
Package epstopdf Info: Source file: <3cii9.eps>
(epstopdf)                    date: 2018-01-30 22:01:43
(epstopdf)                    size: 38249 bytes
(epstopdf)             Output file: <3cii9-eps-converted-to.pdf>
(epstopdf)                    date: 2018-01-30 23:38:48
(epstopdf)                    size: 17705 bytes
(epstopdf)             Command: <epstopdf --outfile=3cii9-eps-converted-to.pdf 
3cii9.eps>
(epstopdf)             \includegraphics on input line 295.
Package epstopdf Info: Output file is already uptodate.

<3cii9-eps-converted-to.pdf, id=119, 486.81876pt x 407.5225pt>
File: 3cii9-eps-converted-to.pdf Graphic file (type pdf)

<use 3cii9-eps-converted-to.pdf>
Package pdftex.def Info: 3cii9-eps-converted-to.pdf used on input line 295.
(pdftex.def)             Requested size: 129.00269pt x 107.98672pt.
Package epstopdf Info: Source file: <3cii10.eps>
(epstopdf)                    date: 2018-01-30 22:01:54
(epstopdf)                    size: 38093 bytes
(epstopdf)             Output file: <3cii10-eps-converted-to.pdf>
(epstopdf)                    date: 2018-01-30 23:38:50
(epstopdf)                    size: 17759 bytes
(epstopdf)             Command: <epstopdf --outfile=3cii10-eps-converted-to.pdf
 3cii10.eps>
(epstopdf)             \includegraphics on input line 299.
Package epstopdf Info: Output file is already uptodate.

<3cii10-eps-converted-to.pdf, id=120, 486.81876pt x 407.5225pt>
File: 3cii10-eps-converted-to.pdf Graphic file (type pdf)

<use 3cii10-eps-converted-to.pdf>
Package pdftex.def Info: 3cii10-eps-converted-to.pdf used on input line 299.
(pdftex.def)             Requested size: 129.00269pt x 107.98672pt.
Package epstopdf Info: Source file: <3cii11.eps>
(epstopdf)                    date: 2018-01-30 22:02:02
(epstopdf)                    size: 37865 bytes
(epstopdf)             Output file: <3cii11-eps-converted-to.pdf>
(epstopdf)                    date: 2018-01-30 23:38:52
(epstopdf)                    size: 17766 bytes
(epstopdf)             Command: <epstopdf --outfile=3cii11-eps-converted-to.pdf
 3cii11.eps>
(epstopdf)             \includegraphics on input line 303.
Package epstopdf Info: Output file is already uptodate.

<3cii11-eps-converted-to.pdf, id=121, 486.81876pt x 407.5225pt>
File: 3cii11-eps-converted-to.pdf Graphic file (type pdf)

<use 3cii11-eps-converted-to.pdf>
Package pdftex.def Info: 3cii11-eps-converted-to.pdf used on input line 303.
(pdftex.def)             Requested size: 129.00269pt x 107.98672pt.
Package epstopdf Info: Source file: <3cii12.eps>
(epstopdf)                    date: 2018-01-30 22:02:12
(epstopdf)                    size: 37558 bytes
(epstopdf)             Output file: <3cii12-eps-converted-to.pdf>
(epstopdf)                    date: 2018-01-30 23:38:54
(epstopdf)                    size: 17701 bytes
(epstopdf)             Command: <epstopdf --outfile=3cii12-eps-converted-to.pdf
 3cii12.eps>
(epstopdf)             \includegraphics on input line 307.
Package epstopdf Info: Output file is already uptodate.

<3cii12-eps-converted-to.pdf, id=122, 486.81876pt x 407.5225pt>
File: 3cii12-eps-converted-to.pdf Graphic file (type pdf)

<use 3cii12-eps-converted-to.pdf>
Package pdftex.def Info: 3cii12-eps-converted-to.pdf used on input line 307.
(pdftex.def)             Requested size: 129.00269pt x 107.98672pt.
 [8 <./3cii1-eps-converted-to.pdf> <./3cii2-eps-converted-to.pdf> <./3cii3-eps-
converted-to.pdf> <./3cii4-eps-converted-to.pdf> <./3cii5-eps-converted-to.pdf>
 <./3cii6-eps-converted-to.pdf> <./3cii7-eps-converted-to.pdf> <./3cii8-eps-con
verted-to.pdf> <./3cii9-eps-converted-to.pdf> <./3cii10-eps-converted-to.pdf> <
./3cii11-eps-converted-to.pdf> <./3cii12-eps-converted-to.pdf>] [9]
\openout3 = `STAT501hw1YifanZhu.pyg'.


(./_minted-STAT501hw1YifanZhu/4D8C000C78C223EDD94ACD0121B48248D33BA61028FD08AF6
741F54ACEA1469E.pygtex
! Undefined control sequence.
\FancyVerbBreakSymbolLeft ->\carriagereturn 
                                            
l.4 ...,}FUN \PYG{o}{=} \PYG{k+kp}{mean}\PYG{p}{)}
                                                  
The control sequence at the end of the top line
of your error message was never \def'ed. If you have
misspelled it (e.g., `\hobx'), type `I' and the correct
spelling (e.g., `I\hbox'). Otherwise just continue,
and I'll forget about whatever was undefined.

! Undefined control sequence.
\FancyVerbBreakSymbolLeft ->\carriagereturn 
                                            
l.9 ...adius \PYG{o}{=} \PYG{n+nb+bp}{T}\PYG{p}{)}
                                                  
The control sequence at the end of the top line
of your error message was never \def'ed. If you have
misspelled it (e.g., `\hobx'), type `I' and the correct
spelling (e.g., `I\hbox'). Otherwise just continue,
and I'll forget about whatever was undefined.

)
Package epstopdf Info: Source file: <3ciiiface.eps>
(epstopdf)                    date: 2018-01-30 22:02:55
(epstopdf)                    size: 25046 bytes
(epstopdf)             Output file: <3ciiiface-eps-converted-to.pdf>
(epstopdf)                    date: 2018-01-30 23:55:23
(epstopdf)                    size: 14178 bytes
(epstopdf)             Command: <epstopdf --outfile=3ciiiface-eps-converted-to.
pdf 3ciiiface.eps>
(epstopdf)             \includegraphics on input line 331.
Package epstopdf Info: Output file is already uptodate.
 <3ciiiface-eps-converted-to.pdf, id=250, 486.81876pt x 407.5225pt>
File: 3ciiiface-eps-converted-to.pdf Graphic file (type pdf)

<use 3ciiiface-eps-converted-to.pdf>
Package pdftex.def Info: 3ciiiface-eps-converted-to.pdf used on input line 331.

(pdftex.def)             Requested size: 215.0023pt x 179.98203pt.
Package epstopdf Info: Source file: <3ciiistars.eps>
(epstopdf)                    date: 2018-01-30 22:03:23
(epstopdf)                    size: 7566 bytes
(epstopdf)             Output file: <3ciiistars-eps-converted-to.pdf>
(epstopdf)                    date: 2018-01-30 23:55:26
(epstopdf)                    size: 7577 bytes
(epstopdf)             Command: <epstopdf --outfile=3ciiistars-eps-converted-to
.pdf 3ciiistars.eps>
(epstopdf)             \includegraphics on input line 338.
Package epstopdf Info: Output file is already uptodate.

<3ciiistars-eps-converted-to.pdf, id=251, 486.81876pt x 407.5225pt>
File: 3ciiistars-eps-converted-to.pdf Graphic file (type pdf)

<use 3ciiistars-eps-converted-to.pdf>
Package pdftex.def Info: 3ciiistars-eps-converted-to.pdf used on input line 338
.
(pdftex.def)             Requested size: 215.0023pt x 179.98203pt.
 [10 <./3ciiiface-eps-converted-to.pdf> <./3ciiistars-eps-converted-to.pdf>] [1
1] (./STAT501hw1YifanZhu.aux)
runsystem(rm STAT501hw1YifanZhu.pyg)...executed.

 ) 
Here is how much of TeX's memory you used:
 10083 strings out of 492995
 168136 string characters out of 6132704
 287966 words of memory out of 5000000
 13379 multiletter control sequences out of 15000+600000
 18067 words of font info for 67 fonts, out of 8000000 for 9000
 1141 hyphenation exceptions out of 8191
 42i,10n,41p,854b,862s stack positions out of 5000i,500n,10000p,200000b,80000s
{/usr/local/texlive/2017/texmf-dist/fonts/enc/dvips/base/8r.enc}</usr/local/t
exlive/2017/texmf-dist/fonts/type1/public/amsfonts/cm/cmbx10.pfb></usr/local/te
xlive/2017/texmf-dist/fonts/type1/public/amsfonts/cm/cmex10.pfb></usr/local/tex
live/2017/texmf-dist/fonts/type1/public/amsfonts/cm/cmmi10.pfb></usr/local/texl
ive/2017/texmf-dist/fonts/type1/public/amsfonts/cm/cmmi7.pfb></usr/local/texliv
e/2017/texmf-dist/fonts/type1/public/amsfonts/cm/cmmib10.pfb></usr/local/texliv
e/2017/texmf-dist/fonts/type1/public/amsfonts/cm/cmr10.pfb></usr/local/texlive/
2017/texmf-dist/fonts/type1/public/amsfonts/cm/cmr12.pfb></usr/local/texlive/20
17/texmf-dist/fonts/type1/public/amsfonts/cm/cmr17.pfb></usr/local/texlive/2017
/texmf-dist/fonts/type1/public/amsfonts/cm/cmr5.pfb></usr/local/texlive/2017/te
xmf-dist/fonts/type1/public/amsfonts/cm/cmr7.pfb></usr/local/texlive/2017/texmf
-dist/fonts/type1/public/amsfonts/cm/cmr9.pfb></usr/local/texlive/2017/texmf-di
st/fonts/type1/public/amsfonts/cm/cmsy10.pfb></usr/local/texlive/2017/texmf-dis
t/fonts/type1/public/amsfonts/cm/cmsy7.pfb></usr/local/texlive/2017/texmf-dist/
fonts/type1/urw/courier/ucrb8a.pfb></usr/local/texlive/2017/texmf-dist/fonts/ty
pe1/urw/courier/ucrr8a.pfb></usr/local/texlive/2017/texmf-dist/fonts/type1/urw/
courier/ucrro8a.pfb>
Output written on STAT501hw1YifanZhu.pdf (11 pages, 833769 bytes).
PDF statistics:
 332 PDF objects out of 1000 (max. 8388607)
 220 compressed objects within 3 object streams
 0 named destinations out of 1000 (max. 500000)
 111 words of extra memory for PDF output out of 10000 (max. 10000000)

